2025-10-28 13:52:29,868 DEBUG    pid:2236213 matplotlib:342:wrapper CACHEDIR=/users/1/lundq163/.cache/matplotlib
2025-10-28 13:52:29,871 DEBUG    pid:2236213 matplotlib.font_manager:1635:_load_fontmanager Using fontManager instance from /users/1/lundq163/.cache/matplotlib/fontlist-v390.json
2025-10-28 13:52:33,344 INFO     pid:2236213 __main__:187:_init_model Using Regressor model
2025-10-28 13:52:33,345 INFO     pid:2236213 __main__:193:_init_model Moving model to device: cuda
2025-10-28 13:52:38,284 INFO     pid:2236213 __main__:540:main Starting training...
2025-10-28 13:52:38,284 INFO     pid:2236213 __main__:547:main GPU Device: NVIDIA A100-SXM4-40GB
2025-10-28 13:52:38,284 INFO     pid:2236213 __main__:548:main Total GPU Memory: 42.41 GB
2025-10-28 13:52:38,286 INFO     pid:2236213 __main__:685:split_train_validation Train/validation columns not found or empty. Creating runtime stratified split...
2025-10-28 13:52:38,307 INFO     pid:2236213 __main__:759:_stratified_split Used stratified split based on QU_motion score distribution
2025-10-28 13:52:38,337 INFO     pid:2236213 __main__:713:split_train_validation Created stratified split: 956 train, 240 validation subjects
2025-10-28 13:52:38,337 INFO     pid:2236213 __main__:716:split_train_validation Train split ratio: 0.80
2025-10-28 13:52:38,337 INFO     pid:2236213 __main__:717:split_train_validation Train subjects: ['sub-254636', 'sub-245741', 'sub-212697']...
2025-10-28 13:52:38,337 INFO     pid:2236213 __main__:722:split_train_validation Validation subjects: ['sub-420306', 'sub-108125', 'sub-291082']...
2025-10-28 13:52:38,510 INFO     pid:2236213 data_sets.dsets:256:__init__ <data_sets.dsets.AutoQcDataset object at 0x7fd81b36bec0>: 3245 training samples
2025-10-28 13:52:41,124 INFO     pid:2236213 data_sets.dsets:256:__init__ <data_sets.dsets.AutoQcDataset object at 0x7fd80d63df70>: 851 validation samples
2025-10-28 13:52:41,788 INFO     pid:2236213 __main__:581:main Epoch 1/50
2025-10-28 13:52:41,788 INFO     pid:2236213 __main__:585:main GPU Memory Allocated: 0.08 GB
2025-10-28 13:52:41,788 INFO     pid:2236213 __main__:586:main GPU Memory Reserved: 0.08 GB
2025-10-28 13:52:41,812 WARNING  pid:2236213 util.util:091:enumerateWithEstimate E1 Training ----/812, starting
2025-10-28 13:53:53,584 INFO     pid:2236213 util.util:111:enumerateWithEstimate E1 Training   64/812, done at 2025-10-28 14:06:22, 0:13:22
2025-10-28 13:58:01,642 INFO     pid:2236213 util.util:111:enumerateWithEstimate E1 Training  256/812, done at 2025-10-28 14:09:23, 0:16:23
2025-10-28 17:18:20,279 WARNING  pid:2236213 util.util:126:enumerateWithEstimate E1 Training ----/812, done at 2025-10-28 17:18:20
2025-10-28 17:18:20,281 WARNING  pid:2236213 util.util:091:enumerateWithEstimate E1 Validation ----/213, starting
2025-10-28 17:18:41,096 INFO     pid:2236213 util.util:111:enumerateWithEstimate E1 Validation   64/213, done at 2025-10-28 17:19:16, 0:00:47
2025-10-28 17:19:16,119 WARNING  pid:2236213 util.util:126:enumerateWithEstimate E1 Validation ----/213, done at 2025-10-28 17:19:16
2025-10-28 17:19:16,154 INFO     pid:2236213 __main__:615:main New best validation loss: 1.682823657989502
2025-10-28 17:19:16,317 INFO     pid:2236213 __main__:621:main Current learning rate: 0.001
2025-10-28 17:19:16,322 INFO     pid:2236213 __main__:581:main Epoch 2/50
2025-10-28 17:19:16,323 INFO     pid:2236213 __main__:585:main GPU Memory Allocated: 0.37 GB
2025-10-28 17:19:16,324 INFO     pid:2236213 __main__:586:main GPU Memory Reserved: 4.26 GB
2025-10-28 17:19:16,324 WARNING  pid:2236213 util.util:091:enumerateWithEstimate E2 Training ----/812, starting
2025-10-28 17:20:27,903 INFO     pid:2236213 util.util:111:enumerateWithEstimate E2 Training   64/812, done at 2025-10-28 17:31:45, 0:12:05
2025-10-28 17:23:32,013 INFO     pid:2236213 util.util:111:enumerateWithEstimate E2 Training  256/812, done at 2025-10-28 17:32:18, 0:12:38
2025-10-28 18:12:05,162 WARNING  pid:2236213 util.util:126:enumerateWithEstimate E2 Training ----/812, done at 2025-10-28 18:12:05
2025-10-28 18:12:05,164 WARNING  pid:2236213 util.util:091:enumerateWithEstimate E2 Validation ----/213, starting
2025-10-28 18:12:24,399 INFO     pid:2236213 util.util:111:enumerateWithEstimate E2 Validation   64/213, done at 2025-10-28 18:12:59, 0:00:47
2025-10-28 18:13:00,071 WARNING  pid:2236213 util.util:126:enumerateWithEstimate E2 Validation ----/213, done at 2025-10-28 18:13:00
2025-10-28 18:13:00,074 INFO     pid:2236213 __main__:621:main Current learning rate: 0.001
2025-10-28 18:13:00,078 INFO     pid:2236213 __main__:581:main Epoch 3/50
2025-10-28 18:13:00,078 INFO     pid:2236213 __main__:585:main GPU Memory Allocated: 0.37 GB
2025-10-28 18:13:00,079 INFO     pid:2236213 __main__:586:main GPU Memory Reserved: 4.26 GB
2025-10-28 18:13:00,079 WARNING  pid:2236213 util.util:091:enumerateWithEstimate E3 Training ----/812, starting
2025-10-28 18:13:58,650 INFO     pid:2236213 util.util:111:enumerateWithEstimate E3 Training   64/812, done at 2025-10-28 18:23:38, 0:10:20
2025-10-28 18:17:03,147 INFO     pid:2236213 util.util:111:enumerateWithEstimate E3 Training  256/812, done at 2025-10-28 18:25:34, 0:12:16
2025-10-28 21:19:17,174 WARNING  pid:2236213 util.util:126:enumerateWithEstimate E3 Training ----/812, done at 2025-10-28 21:19:17
2025-10-28 21:19:17,175 WARNING  pid:2236213 util.util:091:enumerateWithEstimate E3 Validation ----/213, starting
2025-10-28 21:19:36,851 INFO     pid:2236213 util.util:111:enumerateWithEstimate E3 Validation   64/213, done at 2025-10-28 21:20:13, 0:00:49
2025-10-28 21:20:13,331 WARNING  pid:2236213 util.util:126:enumerateWithEstimate E3 Validation ----/213, done at 2025-10-28 21:20:13
2025-10-28 21:20:13,335 INFO     pid:2236213 __main__:621:main Current learning rate: 0.001
2025-10-28 21:20:13,339 INFO     pid:2236213 __main__:581:main Epoch 4/50
2025-10-28 21:20:13,340 INFO     pid:2236213 __main__:585:main GPU Memory Allocated: 0.37 GB
2025-10-28 21:20:13,340 INFO     pid:2236213 __main__:586:main GPU Memory Reserved: 4.26 GB
2025-10-28 21:20:13,340 WARNING  pid:2236213 util.util:091:enumerateWithEstimate E4 Training ----/812, starting
2025-10-28 21:21:17,081 INFO     pid:2236213 util.util:111:enumerateWithEstimate E4 Training   64/812, done at 2025-10-28 21:32:13, 0:11:42
2025-10-28 21:24:21,625 INFO     pid:2236213 util.util:111:enumerateWithEstimate E4 Training  256/812, done at 2025-10-28 21:33:05, 0:12:34
2025-10-28 21:34:04,144 WARNING  pid:2236213 util.util:126:enumerateWithEstimate E4 Training ----/812, done at 2025-10-28 21:34:04
2025-10-28 21:34:04,145 WARNING  pid:2236213 util.util:091:enumerateWithEstimate E4 Validation ----/213, starting
2025-10-28 21:34:22,280 INFO     pid:2236213 util.util:111:enumerateWithEstimate E4 Validation   64/213, done at 2025-10-28 21:34:57, 0:00:47
2025-10-28 21:34:57,091 WARNING  pid:2236213 util.util:126:enumerateWithEstimate E4 Validation ----/213, done at 2025-10-28 21:34:57
2025-10-28 21:34:57,095 INFO     pid:2236213 __main__:615:main New best validation loss: 1.5967586040496826
2025-10-28 21:34:57,284 INFO     pid:2236213 __main__:621:main Current learning rate: 0.001
2025-10-28 21:34:57,288 INFO     pid:2236213 __main__:581:main Epoch 5/50
2025-10-28 21:34:57,288 INFO     pid:2236213 __main__:585:main GPU Memory Allocated: 0.37 GB
2025-10-28 21:34:57,288 INFO     pid:2236213 __main__:586:main GPU Memory Reserved: 4.26 GB
2025-10-28 21:34:57,289 WARNING  pid:2236213 util.util:091:enumerateWithEstimate E5 Training ----/812, starting
2025-10-28 21:35:55,709 INFO     pid:2236213 util.util:111:enumerateWithEstimate E5 Training   64/812, done at 2025-10-28 21:46:34, 0:11:24
2025-10-28 21:38:25,124 INFO     pid:2236213 util.util:111:enumerateWithEstimate E5 Training  256/812, done at 2025-10-28 21:45:46, 0:10:35
2025-10-28 21:47:17,671 WARNING  pid:2236213 util.util:126:enumerateWithEstimate E5 Training ----/812, done at 2025-10-28 21:47:17
2025-10-28 21:47:17,672 WARNING  pid:2236213 util.util:091:enumerateWithEstimate E5 Validation ----/213, starting
2025-10-28 21:47:36,189 INFO     pid:2236213 util.util:111:enumerateWithEstimate E5 Validation   64/213, done at 2025-10-28 21:48:11, 0:00:47
2025-10-28 21:48:10,943 WARNING  pid:2236213 util.util:126:enumerateWithEstimate E5 Validation ----/213, done at 2025-10-28 21:48:10
2025-10-28 21:48:10,945 INFO     pid:2236213 __main__:615:main New best validation loss: 1.0323264598846436
2025-10-28 21:48:11,128 INFO     pid:2236213 __main__:621:main Current learning rate: 0.001
2025-10-28 21:48:11,132 INFO     pid:2236213 __main__:581:main Epoch 6/50
2025-10-28 21:48:11,132 INFO     pid:2236213 __main__:585:main GPU Memory Allocated: 0.37 GB
2025-10-28 21:48:11,132 INFO     pid:2236213 __main__:586:main GPU Memory Reserved: 4.26 GB
2025-10-28 21:48:11,133 WARNING  pid:2236213 util.util:091:enumerateWithEstimate E6 Training ----/812, starting
2025-10-28 21:49:29,285 INFO     pid:2236213 util.util:111:enumerateWithEstimate E6 Training   64/812, done at 2025-10-28 22:03:18, 0:14:47
2025-10-28 21:52:03,555 INFO     pid:2236213 util.util:111:enumerateWithEstimate E6 Training  256/812, done at 2025-10-28 22:00:06, 0:11:35
2025-10-28 22:01:35,115 WARNING  pid:2236213 util.util:126:enumerateWithEstimate E6 Training ----/812, done at 2025-10-28 22:01:35
2025-10-28 22:01:35,117 WARNING  pid:2236213 util.util:091:enumerateWithEstimate E6 Validation ----/213, starting
2025-10-28 22:01:54,188 INFO     pid:2236213 util.util:111:enumerateWithEstimate E6 Validation   64/213, done at 2025-10-28 22:02:29, 0:00:47
2025-10-28 22:02:29,094 WARNING  pid:2236213 util.util:126:enumerateWithEstimate E6 Validation ----/213, done at 2025-10-28 22:02:29
2025-10-28 22:02:29,096 INFO     pid:2236213 __main__:621:main Current learning rate: 0.001
2025-10-28 22:02:29,099 INFO     pid:2236213 __main__:581:main Epoch 7/50
2025-10-28 22:02:29,100 INFO     pid:2236213 __main__:585:main GPU Memory Allocated: 0.37 GB
2025-10-28 22:02:29,100 INFO     pid:2236213 __main__:586:main GPU Memory Reserved: 4.26 GB
2025-10-28 22:02:29,100 WARNING  pid:2236213 util.util:091:enumerateWithEstimate E7 Training ----/812, starting
2025-10-28 22:03:27,771 INFO     pid:2236213 util.util:111:enumerateWithEstimate E7 Training   64/812, done at 2025-10-28 22:13:28, 0:10:43
2025-10-28 22:06:03,897 INFO     pid:2236213 util.util:111:enumerateWithEstimate E7 Training  256/812, done at 2025-10-28 22:13:34, 0:10:48
2025-10-28 22:16:20,685 WARNING  pid:2236213 util.util:126:enumerateWithEstimate E7 Training ----/812, done at 2025-10-28 22:16:20
2025-10-28 22:16:20,686 WARNING  pid:2236213 util.util:091:enumerateWithEstimate E7 Validation ----/213, starting
2025-10-28 22:16:39,922 INFO     pid:2236213 util.util:111:enumerateWithEstimate E7 Validation   64/213, done at 2025-10-28 22:17:16, 0:00:50
2025-10-28 22:17:15,442 WARNING  pid:2236213 util.util:126:enumerateWithEstimate E7 Validation ----/213, done at 2025-10-28 22:17:15
2025-10-28 22:17:15,443 INFO     pid:2236213 __main__:621:main Current learning rate: 0.001
2025-10-28 22:17:15,447 INFO     pid:2236213 __main__:581:main Epoch 8/50
2025-10-28 22:17:15,447 INFO     pid:2236213 __main__:585:main GPU Memory Allocated: 0.37 GB
2025-10-28 22:17:15,448 INFO     pid:2236213 __main__:586:main GPU Memory Reserved: 4.26 GB
2025-10-28 22:17:15,448 WARNING  pid:2236213 util.util:091:enumerateWithEstimate E8 Training ----/812, starting
2025-10-28 22:18:17,987 INFO     pid:2236213 util.util:111:enumerateWithEstimate E8 Training   64/812, done at 2025-10-28 22:29:05, 0:11:33
2025-10-28 22:21:25,050 INFO     pid:2236213 util.util:111:enumerateWithEstimate E8 Training  256/812, done at 2025-10-28 22:30:12, 0:12:40
2025-10-28 22:32:13,933 WARNING  pid:2236213 util.util:126:enumerateWithEstimate E8 Training ----/812, done at 2025-10-28 22:32:13
2025-10-28 22:32:13,935 WARNING  pid:2236213 util.util:091:enumerateWithEstimate E8 Validation ----/213, starting
2025-10-28 22:32:32,885 INFO     pid:2236213 util.util:111:enumerateWithEstimate E8 Validation   64/213, done at 2025-10-28 22:33:07, 0:00:47
2025-10-28 22:33:07,928 WARNING  pid:2236213 util.util:126:enumerateWithEstimate E8 Validation ----/213, done at 2025-10-28 22:33:07
2025-10-28 22:33:07,929 INFO     pid:2236213 __main__:615:main New best validation loss: 0.8498631119728088
2025-10-28 22:33:08,218 INFO     pid:2236213 __main__:621:main Current learning rate: 0.001
2025-10-28 22:33:08,222 INFO     pid:2236213 __main__:581:main Epoch 9/50
2025-10-28 22:33:08,222 INFO     pid:2236213 __main__:585:main GPU Memory Allocated: 0.37 GB
2025-10-28 22:33:08,222 INFO     pid:2236213 __main__:586:main GPU Memory Reserved: 4.26 GB
2025-10-28 22:33:08,223 WARNING  pid:2236213 util.util:091:enumerateWithEstimate E9 Training ----/812, starting
2025-10-28 22:34:14,535 INFO     pid:2236213 util.util:111:enumerateWithEstimate E9 Training   64/812, done at 2025-10-28 22:46:00, 0:12:35
2025-10-28 22:37:27,363 INFO     pid:2236213 util.util:111:enumerateWithEstimate E9 Training  256/812, done at 2025-10-28 22:46:37, 0:13:13
2025-10-28 22:48:13,846 WARNING  pid:2236213 util.util:126:enumerateWithEstimate E9 Training ----/812, done at 2025-10-28 22:48:13
2025-10-28 22:48:13,848 WARNING  pid:2236213 util.util:091:enumerateWithEstimate E9 Validation ----/213, starting
2025-10-28 22:48:32,669 INFO     pid:2236213 util.util:111:enumerateWithEstimate E9 Validation   64/213, done at 2025-10-28 22:49:07, 0:00:47
2025-10-28 22:49:08,172 WARNING  pid:2236213 util.util:126:enumerateWithEstimate E9 Validation ----/213, done at 2025-10-28 22:49:08
2025-10-28 22:49:08,174 INFO     pid:2236213 __main__:621:main Current learning rate: 0.001
2025-10-28 22:49:08,178 INFO     pid:2236213 __main__:581:main Epoch 10/50
2025-10-28 22:49:08,178 INFO     pid:2236213 __main__:585:main GPU Memory Allocated: 0.37 GB
2025-10-28 22:49:08,178 INFO     pid:2236213 __main__:586:main GPU Memory Reserved: 4.26 GB
2025-10-28 22:49:08,179 WARNING  pid:2236213 util.util:091:enumerateWithEstimate E10 Training ----/812, starting
2025-10-28 22:50:13,755 INFO     pid:2236213 util.util:111:enumerateWithEstimate E10 Training   64/812, done at 2025-10-28 23:00:48, 0:11:19
2025-10-28 22:53:32,108 INFO     pid:2236213 util.util:111:enumerateWithEstimate E10 Training  256/812, done at 2025-10-28 23:02:43, 0:13:14
2025-10-28 23:03:47,410 WARNING  pid:2236213 util.util:126:enumerateWithEstimate E10 Training ----/812, done at 2025-10-28 23:03:47
2025-10-28 23:03:47,411 WARNING  pid:2236213 util.util:091:enumerateWithEstimate E10 Validation ----/213, starting
2025-10-28 23:04:07,023 INFO     pid:2236213 util.util:111:enumerateWithEstimate E10 Validation   64/213, done at 2025-10-28 23:04:42, 0:00:47
2025-10-28 23:04:42,260 WARNING  pid:2236213 util.util:126:enumerateWithEstimate E10 Validation ----/213, done at 2025-10-28 23:04:42
2025-10-28 23:04:42,262 INFO     pid:2236213 __main__:621:main Current learning rate: 0.001
2025-10-28 23:04:42,266 INFO     pid:2236213 __main__:581:main Epoch 11/50
2025-10-28 23:04:42,266 INFO     pid:2236213 __main__:585:main GPU Memory Allocated: 0.37 GB
2025-10-28 23:04:42,266 INFO     pid:2236213 __main__:586:main GPU Memory Reserved: 4.26 GB
2025-10-28 23:04:42,267 WARNING  pid:2236213 util.util:091:enumerateWithEstimate E11 Training ----/812, starting
2025-10-28 23:05:54,469 INFO     pid:2236213 util.util:111:enumerateWithEstimate E11 Training   64/812, done at 2025-10-28 23:17:31, 0:12:26
2025-10-28 23:09:05,910 INFO     pid:2236213 util.util:111:enumerateWithEstimate E11 Training  256/812, done at 2025-10-28 23:18:11, 0:13:06
2025-10-28 23:19:30,584 WARNING  pid:2236213 util.util:126:enumerateWithEstimate E11 Training ----/812, done at 2025-10-28 23:19:30
2025-10-28 23:19:30,585 WARNING  pid:2236213 util.util:091:enumerateWithEstimate E11 Validation ----/213, starting
2025-10-28 23:19:49,541 INFO     pid:2236213 util.util:111:enumerateWithEstimate E11 Validation   64/213, done at 2025-10-28 23:20:25, 0:00:49
2025-10-28 23:20:25,565 WARNING  pid:2236213 util.util:126:enumerateWithEstimate E11 Validation ----/213, done at 2025-10-28 23:20:25
2025-10-28 23:20:25,568 INFO     pid:2236213 __main__:621:main Current learning rate: 0.001
2025-10-28 23:20:25,572 INFO     pid:2236213 __main__:581:main Epoch 12/50
2025-10-28 23:20:25,573 INFO     pid:2236213 __main__:585:main GPU Memory Allocated: 0.37 GB
2025-10-28 23:20:25,573 INFO     pid:2236213 __main__:586:main GPU Memory Reserved: 4.26 GB
2025-10-28 23:20:25,574 WARNING  pid:2236213 util.util:091:enumerateWithEstimate E12 Training ----/812, starting
2025-10-28 23:21:45,354 INFO     pid:2236213 util.util:111:enumerateWithEstimate E12 Training   64/812, done at 2025-10-28 23:35:19, 0:14:32
2025-10-28 23:24:43,524 INFO     pid:2236213 util.util:111:enumerateWithEstimate E12 Training  256/812, done at 2025-10-28 23:33:38, 0:12:50
2025-10-28 23:35:06,706 WARNING  pid:2236213 util.util:126:enumerateWithEstimate E12 Training ----/812, done at 2025-10-28 23:35:06
2025-10-28 23:35:06,708 WARNING  pid:2236213 util.util:091:enumerateWithEstimate E12 Validation ----/213, starting
2025-10-28 23:35:26,599 INFO     pid:2236213 util.util:111:enumerateWithEstimate E12 Validation   64/213, done at 2025-10-28 23:36:01, 0:00:47
2025-10-28 23:36:01,530 WARNING  pid:2236213 util.util:126:enumerateWithEstimate E12 Validation ----/213, done at 2025-10-28 23:36:01
2025-10-28 23:36:01,532 INFO     pid:2236213 __main__:621:main Current learning rate: 0.001
2025-10-28 23:36:01,535 INFO     pid:2236213 __main__:581:main Epoch 13/50
2025-10-28 23:36:01,536 INFO     pid:2236213 __main__:585:main GPU Memory Allocated: 0.37 GB
2025-10-28 23:36:01,536 INFO     pid:2236213 __main__:586:main GPU Memory Reserved: 4.26 GB
2025-10-28 23:36:01,536 WARNING  pid:2236213 util.util:091:enumerateWithEstimate E13 Training ----/812, starting
2025-10-28 23:37:05,852 INFO     pid:2236213 util.util:111:enumerateWithEstimate E13 Training   64/812, done at 2025-10-28 23:48:58, 0:12:42
2025-10-28 23:40:09,348 INFO     pid:2236213 util.util:111:enumerateWithEstimate E13 Training  256/812, done at 2025-10-28 23:48:59, 0:12:44
2025-10-28 23:50:29,121 WARNING  pid:2236213 util.util:126:enumerateWithEstimate E13 Training ----/812, done at 2025-10-28 23:50:29
2025-10-28 23:50:29,123 WARNING  pid:2236213 util.util:091:enumerateWithEstimate E13 Validation ----/213, starting
2025-10-28 23:50:48,421 INFO     pid:2236213 util.util:111:enumerateWithEstimate E13 Validation   64/213, done at 2025-10-28 23:51:23, 0:00:47
2025-10-28 23:51:23,381 WARNING  pid:2236213 util.util:126:enumerateWithEstimate E13 Validation ----/213, done at 2025-10-28 23:51:23
2025-10-28 23:51:23,383 INFO     pid:2236213 __main__:615:main New best validation loss: 0.8131427764892578
2025-10-28 23:51:23,594 INFO     pid:2236213 __main__:621:main Current learning rate: 0.001
2025-10-28 23:51:23,597 INFO     pid:2236213 __main__:581:main Epoch 14/50
2025-10-28 23:51:23,598 INFO     pid:2236213 __main__:585:main GPU Memory Allocated: 0.37 GB
2025-10-28 23:51:23,598 INFO     pid:2236213 __main__:586:main GPU Memory Reserved: 4.26 GB
2025-10-28 23:51:23,598 WARNING  pid:2236213 util.util:091:enumerateWithEstimate E14 Training ----/812, starting
2025-10-28 23:52:24,424 INFO     pid:2236213 util.util:111:enumerateWithEstimate E14 Training   64/812, done at 2025-10-29 00:01:52, 0:10:08
2025-10-28 23:55:30,798 INFO     pid:2236213 util.util:111:enumerateWithEstimate E14 Training  256/812, done at 2025-10-29 00:04:04, 0:12:20
2025-10-29 00:05:32,744 WARNING  pid:2236213 util.util:126:enumerateWithEstimate E14 Training ----/812, done at 2025-10-29 00:05:32
2025-10-29 00:05:32,746 WARNING  pid:2236213 util.util:091:enumerateWithEstimate E14 Validation ----/213, starting
2025-10-29 00:05:51,641 INFO     pid:2236213 util.util:111:enumerateWithEstimate E14 Validation   64/213, done at 2025-10-29 00:06:26, 0:00:47
2025-10-29 00:06:26,896 WARNING  pid:2236213 util.util:126:enumerateWithEstimate E14 Validation ----/213, done at 2025-10-29 00:06:26
2025-10-29 00:06:26,899 INFO     pid:2236213 __main__:615:main New best validation loss: 0.7558326125144958
2025-10-29 00:06:27,108 INFO     pid:2236213 __main__:621:main Current learning rate: 0.001
2025-10-29 00:06:27,112 INFO     pid:2236213 __main__:581:main Epoch 15/50
2025-10-29 00:06:27,112 INFO     pid:2236213 __main__:585:main GPU Memory Allocated: 0.37 GB
2025-10-29 00:06:27,113 INFO     pid:2236213 __main__:586:main GPU Memory Reserved: 4.26 GB
2025-10-29 00:06:27,113 WARNING  pid:2236213 util.util:091:enumerateWithEstimate E15 Training ----/812, starting
2025-10-29 00:07:34,600 INFO     pid:2236213 util.util:111:enumerateWithEstimate E15 Training   64/812, done at 2025-10-29 00:19:03, 0:12:17
2025-10-29 00:10:34,606 INFO     pid:2236213 util.util:111:enumerateWithEstimate E15 Training  256/812, done at 2025-10-29 00:19:13, 0:12:27
2025-10-29 00:20:34,060 WARNING  pid:2236213 util.util:126:enumerateWithEstimate E15 Training ----/812, done at 2025-10-29 00:20:34
2025-10-29 00:20:34,062 WARNING  pid:2236213 util.util:091:enumerateWithEstimate E15 Validation ----/213, starting
2025-10-29 00:20:53,423 INFO     pid:2236213 util.util:111:enumerateWithEstimate E15 Validation   64/213, done at 2025-10-29 00:21:28, 0:00:47
2025-10-29 00:21:28,557 WARNING  pid:2236213 util.util:126:enumerateWithEstimate E15 Validation ----/213, done at 2025-10-29 00:21:28
2025-10-29 00:21:28,559 INFO     pid:2236213 __main__:621:main Current learning rate: 0.001
2025-10-29 00:21:28,562 INFO     pid:2236213 __main__:581:main Epoch 16/50
2025-10-29 00:21:28,563 INFO     pid:2236213 __main__:585:main GPU Memory Allocated: 0.37 GB
2025-10-29 00:21:28,563 INFO     pid:2236213 __main__:586:main GPU Memory Reserved: 4.26 GB
2025-10-29 00:21:28,563 WARNING  pid:2236213 util.util:091:enumerateWithEstimate E16 Training ----/812, starting
2025-10-29 00:22:39,397 INFO     pid:2236213 util.util:111:enumerateWithEstimate E16 Training   64/812, done at 2025-10-29 00:35:04, 0:13:18
2025-10-29 00:25:28,552 INFO     pid:2236213 util.util:111:enumerateWithEstimate E16 Training  256/812, done at 2025-10-29 00:33:51, 0:12:05
2025-10-29 00:35:14,023 WARNING  pid:2236213 util.util:126:enumerateWithEstimate E16 Training ----/812, done at 2025-10-29 00:35:14
2025-10-29 00:35:14,024 WARNING  pid:2236213 util.util:091:enumerateWithEstimate E16 Validation ----/213, starting
2025-10-29 00:35:33,552 INFO     pid:2236213 util.util:111:enumerateWithEstimate E16 Validation   64/213, done at 2025-10-29 00:36:08, 0:00:47
2025-10-29 00:36:08,613 WARNING  pid:2236213 util.util:126:enumerateWithEstimate E16 Validation ----/213, done at 2025-10-29 00:36:08
2025-10-29 00:36:08,615 INFO     pid:2236213 __main__:621:main Current learning rate: 0.001
2025-10-29 00:36:08,619 INFO     pid:2236213 __main__:581:main Epoch 17/50
2025-10-29 00:36:08,619 INFO     pid:2236213 __main__:585:main GPU Memory Allocated: 0.37 GB
2025-10-29 00:36:08,619 INFO     pid:2236213 __main__:586:main GPU Memory Reserved: 4.26 GB
2025-10-29 00:36:08,620 WARNING  pid:2236213 util.util:091:enumerateWithEstimate E17 Training ----/812, starting
2025-10-29 00:37:19,251 INFO     pid:2236213 util.util:111:enumerateWithEstimate E17 Training   64/812, done at 2025-10-29 00:49:26, 0:12:58
2025-10-29 00:40:26,948 INFO     pid:2236213 util.util:111:enumerateWithEstimate E17 Training  256/812, done at 2025-10-29 00:49:28, 0:13:01
2025-10-29 00:50:12,008 WARNING  pid:2236213 util.util:126:enumerateWithEstimate E17 Training ----/812, done at 2025-10-29 00:50:12
2025-10-29 00:50:12,009 WARNING  pid:2236213 util.util:091:enumerateWithEstimate E17 Validation ----/213, starting
2025-10-29 00:50:30,793 INFO     pid:2236213 util.util:111:enumerateWithEstimate E17 Validation   64/213, done at 2025-10-29 00:51:05, 0:00:47
2025-10-29 00:51:06,088 WARNING  pid:2236213 util.util:126:enumerateWithEstimate E17 Validation ----/213, done at 2025-10-29 00:51:06
2025-10-29 00:51:06,090 INFO     pid:2236213 __main__:621:main Current learning rate: 0.001
2025-10-29 00:51:06,094 INFO     pid:2236213 __main__:581:main Epoch 18/50
2025-10-29 00:51:06,094 INFO     pid:2236213 __main__:585:main GPU Memory Allocated: 0.37 GB
2025-10-29 00:51:06,095 INFO     pid:2236213 __main__:586:main GPU Memory Reserved: 4.26 GB
2025-10-29 00:51:06,095 WARNING  pid:2236213 util.util:091:enumerateWithEstimate E18 Training ----/812, starting
2025-10-29 00:52:07,935 INFO     pid:2236213 util.util:111:enumerateWithEstimate E18 Training   64/812, done at 2025-10-29 01:02:17, 0:10:52
2025-10-29 00:55:06,490 INFO     pid:2236213 util.util:111:enumerateWithEstimate E18 Training  256/812, done at 2025-10-29 01:03:28, 0:12:04
2025-10-29 01:04:54,428 WARNING  pid:2236213 util.util:126:enumerateWithEstimate E18 Training ----/812, done at 2025-10-29 01:04:54
2025-10-29 01:04:54,429 WARNING  pid:2236213 util.util:091:enumerateWithEstimate E18 Validation ----/213, starting
2025-10-29 01:05:13,447 INFO     pid:2236213 util.util:111:enumerateWithEstimate E18 Validation   64/213, done at 2025-10-29 01:05:48, 0:00:47
2025-10-29 01:05:48,513 WARNING  pid:2236213 util.util:126:enumerateWithEstimate E18 Validation ----/213, done at 2025-10-29 01:05:48
2025-10-29 01:05:48,514 INFO     pid:2236213 __main__:621:main Current learning rate: 0.001
2025-10-29 01:05:48,518 INFO     pid:2236213 __main__:581:main Epoch 19/50
2025-10-29 01:05:48,518 INFO     pid:2236213 __main__:585:main GPU Memory Allocated: 0.37 GB
2025-10-29 01:05:48,518 INFO     pid:2236213 __main__:586:main GPU Memory Reserved: 4.26 GB
2025-10-29 01:05:48,519 WARNING  pid:2236213 util.util:091:enumerateWithEstimate E19 Training ----/812, starting
2025-10-29 01:06:48,671 INFO     pid:2236213 util.util:111:enumerateWithEstimate E19 Training   64/812, done at 2025-10-29 01:16:27, 0:10:19
2025-10-29 01:09:46,493 INFO     pid:2236213 util.util:111:enumerateWithEstimate E19 Training  256/812, done at 2025-10-29 01:18:02, 0:11:54
2025-10-29 01:20:15,998 WARNING  pid:2236213 util.util:126:enumerateWithEstimate E19 Training ----/812, done at 2025-10-29 01:20:15
2025-10-29 01:20:15,999 WARNING  pid:2236213 util.util:091:enumerateWithEstimate E19 Validation ----/213, starting
2025-10-29 01:20:35,150 INFO     pid:2236213 util.util:111:enumerateWithEstimate E19 Validation   64/213, done at 2025-10-29 01:21:09, 0:00:47
2025-10-29 01:21:10,335 WARNING  pid:2236213 util.util:126:enumerateWithEstimate E19 Validation ----/213, done at 2025-10-29 01:21:10
2025-10-29 01:21:10,336 INFO     pid:2236213 __main__:621:main Current learning rate: 0.001
2025-10-29 01:21:10,340 INFO     pid:2236213 __main__:581:main Epoch 20/50
2025-10-29 01:21:10,340 INFO     pid:2236213 __main__:585:main GPU Memory Allocated: 0.37 GB
2025-10-29 01:21:10,340 INFO     pid:2236213 __main__:586:main GPU Memory Reserved: 4.26 GB
2025-10-29 01:21:10,341 WARNING  pid:2236213 util.util:091:enumerateWithEstimate E20 Training ----/812, starting
2025-10-29 01:22:19,254 INFO     pid:2236213 util.util:111:enumerateWithEstimate E20 Training   64/812, done at 2025-10-29 01:33:32, 0:12:00
2025-10-29 01:25:06,904 INFO     pid:2236213 util.util:111:enumerateWithEstimate E20 Training  256/812, done at 2025-10-29 01:33:14, 0:11:43
2025-10-29 01:35:17,228 WARNING  pid:2236213 util.util:126:enumerateWithEstimate E20 Training ----/812, done at 2025-10-29 01:35:17
2025-10-29 01:35:17,229 WARNING  pid:2236213 util.util:091:enumerateWithEstimate E20 Validation ----/213, starting
2025-10-29 01:35:36,992 INFO     pid:2236213 util.util:111:enumerateWithEstimate E20 Validation   64/213, done at 2025-10-29 01:36:12, 0:00:48
2025-10-29 01:36:12,144 WARNING  pid:2236213 util.util:126:enumerateWithEstimate E20 Validation ----/213, done at 2025-10-29 01:36:12
2025-10-29 01:36:12,146 INFO     pid:2236213 __main__:621:main Current learning rate: 0.001
2025-10-29 01:36:12,150 INFO     pid:2236213 __main__:581:main Epoch 21/50
2025-10-29 01:36:12,150 INFO     pid:2236213 __main__:585:main GPU Memory Allocated: 0.37 GB
2025-10-29 01:36:12,150 INFO     pid:2236213 __main__:586:main GPU Memory Reserved: 4.26 GB
2025-10-29 01:36:12,151 WARNING  pid:2236213 util.util:091:enumerateWithEstimate E21 Training ----/812, starting
2025-10-29 01:37:21,280 INFO     pid:2236213 util.util:111:enumerateWithEstimate E21 Training   64/812, done at 2025-10-29 01:49:06, 0:12:35
2025-10-29 01:40:00,285 INFO     pid:2236213 util.util:111:enumerateWithEstimate E21 Training  256/812, done at 2025-10-29 01:47:53, 0:11:22
2025-10-29 01:49:41,549 WARNING  pid:2236213 util.util:126:enumerateWithEstimate E21 Training ----/812, done at 2025-10-29 01:49:41
2025-10-29 01:49:41,551 WARNING  pid:2236213 util.util:091:enumerateWithEstimate E21 Validation ----/213, starting
2025-10-29 01:50:00,143 INFO     pid:2236213 util.util:111:enumerateWithEstimate E21 Validation   64/213, done at 2025-10-29 01:50:34, 0:00:46
2025-10-29 01:50:34,985 WARNING  pid:2236213 util.util:126:enumerateWithEstimate E21 Validation ----/213, done at 2025-10-29 01:50:34
2025-10-29 01:50:34,986 INFO     pid:2236213 __main__:621:main Current learning rate: 0.001
2025-10-29 01:50:34,990 INFO     pid:2236213 __main__:581:main Epoch 22/50
2025-10-29 01:50:34,990 INFO     pid:2236213 __main__:585:main GPU Memory Allocated: 0.37 GB
2025-10-29 01:50:34,990 INFO     pid:2236213 __main__:586:main GPU Memory Reserved: 4.26 GB
2025-10-29 01:50:34,990 WARNING  pid:2236213 util.util:091:enumerateWithEstimate E22 Training ----/812, starting
2025-10-29 01:51:37,510 INFO     pid:2236213 util.util:111:enumerateWithEstimate E22 Training   64/812, done at 2025-10-29 02:02:05, 0:11:12
2025-10-29 01:54:13,199 INFO     pid:2236213 util.util:111:enumerateWithEstimate E22 Training  256/812, done at 2025-10-29 02:01:46, 0:10:53
2025-10-29 02:04:02,189 WARNING  pid:2236213 util.util:126:enumerateWithEstimate E22 Training ----/812, done at 2025-10-29 02:04:02
2025-10-29 02:04:02,193 WARNING  pid:2236213 util.util:091:enumerateWithEstimate E22 Validation ----/213, starting
2025-10-29 02:04:21,427 INFO     pid:2236213 util.util:111:enumerateWithEstimate E22 Validation   64/213, done at 2025-10-29 02:04:56, 0:00:47
2025-10-29 02:04:56,485 WARNING  pid:2236213 util.util:126:enumerateWithEstimate E22 Validation ----/213, done at 2025-10-29 02:04:56
2025-10-29 02:04:56,486 INFO     pid:2236213 __main__:621:main Current learning rate: 0.001
2025-10-29 02:04:56,490 INFO     pid:2236213 __main__:581:main Epoch 23/50
2025-10-29 02:04:56,490 INFO     pid:2236213 __main__:585:main GPU Memory Allocated: 0.37 GB
2025-10-29 02:04:56,490 INFO     pid:2236213 __main__:586:main GPU Memory Reserved: 4.26 GB
2025-10-29 02:04:56,491 WARNING  pid:2236213 util.util:091:enumerateWithEstimate E23 Training ----/812, starting
2025-10-29 02:06:11,187 INFO     pid:2236213 util.util:111:enumerateWithEstimate E23 Training   64/812, done at 2025-10-29 02:20:24, 0:15:13
2025-10-29 02:08:38,101 INFO     pid:2236213 util.util:111:enumerateWithEstimate E23 Training  256/812, done at 2025-10-29 02:16:28, 0:11:17
2025-10-29 02:18:44,944 WARNING  pid:2236213 util.util:126:enumerateWithEstimate E23 Training ----/812, done at 2025-10-29 02:18:44
2025-10-29 02:18:44,945 WARNING  pid:2236213 util.util:091:enumerateWithEstimate E23 Validation ----/213, starting
2025-10-29 02:19:03,095 INFO     pid:2236213 util.util:111:enumerateWithEstimate E23 Validation   64/213, done at 2025-10-29 02:19:37, 0:00:46
2025-10-29 02:19:38,002 WARNING  pid:2236213 util.util:126:enumerateWithEstimate E23 Validation ----/213, done at 2025-10-29 02:19:38
2025-10-29 02:19:38,004 INFO     pid:2236213 __main__:621:main Current learning rate: 0.001
2025-10-29 02:19:38,008 INFO     pid:2236213 __main__:581:main Epoch 24/50
2025-10-29 02:19:38,008 INFO     pid:2236213 __main__:585:main GPU Memory Allocated: 0.37 GB
2025-10-29 02:19:38,008 INFO     pid:2236213 __main__:586:main GPU Memory Reserved: 4.26 GB
2025-10-29 02:19:38,009 WARNING  pid:2236213 util.util:091:enumerateWithEstimate E24 Training ----/812, starting
2025-10-29 02:20:45,981 INFO     pid:2236213 util.util:111:enumerateWithEstimate E24 Training   64/812, done at 2025-10-29 02:32:18, 0:12:21
2025-10-29 02:23:32,583 INFO     pid:2236213 util.util:111:enumerateWithEstimate E24 Training  256/812, done at 2025-10-29 02:31:41, 0:11:44
2025-10-29 02:33:53,762 WARNING  pid:2236213 util.util:126:enumerateWithEstimate E24 Training ----/812, done at 2025-10-29 02:33:53
2025-10-29 02:33:53,763 WARNING  pid:2236213 util.util:091:enumerateWithEstimate E24 Validation ----/213, starting
2025-10-29 02:34:13,579 INFO     pid:2236213 util.util:111:enumerateWithEstimate E24 Validation   64/213, done at 2025-10-29 02:34:49, 0:00:48
2025-10-29 02:34:49,329 WARNING  pid:2236213 util.util:126:enumerateWithEstimate E24 Validation ----/213, done at 2025-10-29 02:34:49
2025-10-29 02:34:49,331 INFO     pid:2236213 __main__:621:main Current learning rate: 0.001
2025-10-29 02:34:49,335 INFO     pid:2236213 __main__:581:main Epoch 25/50
2025-10-29 02:34:49,335 INFO     pid:2236213 __main__:585:main GPU Memory Allocated: 0.37 GB
2025-10-29 02:34:49,335 INFO     pid:2236213 __main__:586:main GPU Memory Reserved: 4.26 GB
2025-10-29 02:34:49,336 WARNING  pid:2236213 util.util:091:enumerateWithEstimate E25 Training ----/812, starting
2025-10-29 02:35:52,926 INFO     pid:2236213 util.util:111:enumerateWithEstimate E25 Training   64/812, done at 2025-10-29 02:46:26, 0:11:18
2025-10-29 02:38:28,338 INFO     pid:2236213 util.util:111:enumerateWithEstimate E25 Training  256/812, done at 2025-10-29 02:46:02, 0:10:54
2025-10-29 02:48:10,517 WARNING  pid:2236213 util.util:126:enumerateWithEstimate E25 Training ----/812, done at 2025-10-29 02:48:10
2025-10-29 02:48:10,518 WARNING  pid:2236213 util.util:091:enumerateWithEstimate E25 Validation ----/213, starting
2025-10-29 02:48:28,887 INFO     pid:2236213 util.util:111:enumerateWithEstimate E25 Validation   64/213, done at 2025-10-29 02:49:03, 0:00:46
2025-10-29 02:49:03,867 WARNING  pid:2236213 util.util:126:enumerateWithEstimate E25 Validation ----/213, done at 2025-10-29 02:49:03
2025-10-29 02:49:03,868 INFO     pid:2236213 __main__:621:main Current learning rate: 0.0001
2025-10-29 02:49:03,872 INFO     pid:2236213 __main__:581:main Epoch 26/50
2025-10-29 02:49:03,873 INFO     pid:2236213 __main__:585:main GPU Memory Allocated: 0.37 GB
2025-10-29 02:49:03,873 INFO     pid:2236213 __main__:586:main GPU Memory Reserved: 4.26 GB
2025-10-29 02:49:03,873 WARNING  pid:2236213 util.util:091:enumerateWithEstimate E26 Training ----/812, starting
2025-10-29 02:50:04,765 INFO     pid:2236213 util.util:111:enumerateWithEstimate E26 Training   64/812, done at 2025-10-29 03:00:39, 0:11:19
2025-10-29 02:52:39,663 INFO     pid:2236213 util.util:111:enumerateWithEstimate E26 Training  256/812, done at 2025-10-29 03:00:12, 0:10:52
2025-10-29 03:02:30,046 WARNING  pid:2236213 util.util:126:enumerateWithEstimate E26 Training ----/812, done at 2025-10-29 03:02:30
2025-10-29 03:02:30,047 WARNING  pid:2236213 util.util:091:enumerateWithEstimate E26 Validation ----/213, starting
2025-10-29 03:02:48,960 INFO     pid:2236213 util.util:111:enumerateWithEstimate E26 Validation   64/213, done at 2025-10-29 03:03:23, 0:00:47
2025-10-29 03:03:23,852 WARNING  pid:2236213 util.util:126:enumerateWithEstimate E26 Validation ----/213, done at 2025-10-29 03:03:23
2025-10-29 03:03:23,853 INFO     pid:2236213 __main__:621:main Current learning rate: 0.0001
2025-10-29 03:03:23,857 INFO     pid:2236213 __main__:581:main Epoch 27/50
2025-10-29 03:03:23,857 INFO     pid:2236213 __main__:585:main GPU Memory Allocated: 0.37 GB
2025-10-29 03:03:23,857 INFO     pid:2236213 __main__:586:main GPU Memory Reserved: 4.26 GB
2025-10-29 03:03:23,858 WARNING  pid:2236213 util.util:091:enumerateWithEstimate E27 Training ----/812, starting
2025-10-29 03:04:26,422 INFO     pid:2236213 util.util:111:enumerateWithEstimate E27 Training   64/812, done at 2025-10-29 03:15:01, 0:11:20
2025-10-29 03:07:09,146 INFO     pid:2236213 util.util:111:enumerateWithEstimate E27 Training  256/812, done at 2025-10-29 03:14:59, 0:11:18
2025-10-29 03:17:05,027 WARNING  pid:2236213 util.util:126:enumerateWithEstimate E27 Training ----/812, done at 2025-10-29 03:17:05
2025-10-29 03:17:05,028 WARNING  pid:2236213 util.util:091:enumerateWithEstimate E27 Validation ----/213, starting
2025-10-29 03:17:24,010 INFO     pid:2236213 util.util:111:enumerateWithEstimate E27 Validation   64/213, done at 2025-10-29 03:17:59, 0:00:47
2025-10-29 03:17:59,867 WARNING  pid:2236213 util.util:126:enumerateWithEstimate E27 Validation ----/213, done at 2025-10-29 03:17:59
2025-10-29 03:17:59,868 INFO     pid:2236213 __main__:621:main Current learning rate: 0.0001
2025-10-29 03:17:59,872 INFO     pid:2236213 __main__:581:main Epoch 28/50
2025-10-29 03:17:59,872 INFO     pid:2236213 __main__:585:main GPU Memory Allocated: 0.37 GB
2025-10-29 03:17:59,872 INFO     pid:2236213 __main__:586:main GPU Memory Reserved: 4.26 GB
2025-10-29 03:17:59,873 WARNING  pid:2236213 util.util:091:enumerateWithEstimate E28 Training ----/812, starting
2025-10-29 03:19:02,398 INFO     pid:2236213 util.util:111:enumerateWithEstimate E28 Training   64/812, done at 2025-10-29 03:27:52, 0:09:28
2025-10-29 03:21:39,403 INFO     pid:2236213 util.util:111:enumerateWithEstimate E28 Training  256/812, done at 2025-10-29 03:29:00, 0:10:35
2025-10-29 03:32:12,161 WARNING  pid:2236213 util.util:126:enumerateWithEstimate E28 Training ----/812, done at 2025-10-29 03:32:12
2025-10-29 03:32:12,163 WARNING  pid:2236213 util.util:091:enumerateWithEstimate E28 Validation ----/213, starting
2025-10-29 03:32:31,262 INFO     pid:2236213 util.util:111:enumerateWithEstimate E28 Validation   64/213, done at 2025-10-29 03:33:06, 0:00:47
2025-10-29 03:33:06,375 WARNING  pid:2236213 util.util:126:enumerateWithEstimate E28 Validation ----/213, done at 2025-10-29 03:33:06
2025-10-29 03:33:06,376 INFO     pid:2236213 __main__:621:main Current learning rate: 0.0001
2025-10-29 03:33:06,380 INFO     pid:2236213 __main__:581:main Epoch 29/50
2025-10-29 03:33:06,380 INFO     pid:2236213 __main__:585:main GPU Memory Allocated: 0.37 GB
2025-10-29 03:33:06,381 INFO     pid:2236213 __main__:586:main GPU Memory Reserved: 4.26 GB
2025-10-29 03:33:06,381 WARNING  pid:2236213 util.util:091:enumerateWithEstimate E29 Training ----/812, starting
2025-10-29 03:34:12,913 INFO     pid:2236213 util.util:111:enumerateWithEstimate E29 Training   64/812, done at 2025-10-29 03:44:07, 0:10:36
2025-10-29 03:37:06,493 INFO     pid:2236213 util.util:111:enumerateWithEstimate E29 Training  256/812, done at 2025-10-29 03:45:15, 0:11:44
2025-10-29 03:47:18,312 WARNING  pid:2236213 util.util:126:enumerateWithEstimate E29 Training ----/812, done at 2025-10-29 03:47:18
2025-10-29 03:47:18,314 WARNING  pid:2236213 util.util:091:enumerateWithEstimate E29 Validation ----/213, starting
2025-10-29 03:47:37,152 INFO     pid:2236213 util.util:111:enumerateWithEstimate E29 Validation   64/213, done at 2025-10-29 03:48:11, 0:00:47
2025-10-29 03:48:12,030 WARNING  pid:2236213 util.util:126:enumerateWithEstimate E29 Validation ----/213, done at 2025-10-29 03:48:12
2025-10-29 03:48:12,031 INFO     pid:2236213 __main__:621:main Current learning rate: 0.0001
2025-10-29 03:48:12,035 INFO     pid:2236213 __main__:581:main Epoch 30/50
2025-10-29 03:48:12,035 INFO     pid:2236213 __main__:585:main GPU Memory Allocated: 0.37 GB
2025-10-29 03:48:12,036 INFO     pid:2236213 __main__:586:main GPU Memory Reserved: 4.26 GB
2025-10-29 03:48:12,036 WARNING  pid:2236213 util.util:091:enumerateWithEstimate E30 Training ----/812, starting
2025-10-29 03:49:10,352 INFO     pid:2236213 util.util:111:enumerateWithEstimate E30 Training   64/812, done at 2025-10-29 03:57:55, 0:09:22
2025-10-29 03:51:46,040 INFO     pid:2236213 util.util:111:enumerateWithEstimate E30 Training  256/812, done at 2025-10-29 03:59:03, 0:10:30
2025-10-29 04:01:51,571 WARNING  pid:2236213 util.util:126:enumerateWithEstimate E30 Training ----/812, done at 2025-10-29 04:01:51
2025-10-29 04:01:51,572 WARNING  pid:2236213 util.util:091:enumerateWithEstimate E30 Validation ----/213, starting
2025-10-29 04:02:10,389 INFO     pid:2236213 util.util:111:enumerateWithEstimate E30 Validation   64/213, done at 2025-10-29 04:02:45, 0:00:47
2025-10-29 04:02:45,378 WARNING  pid:2236213 util.util:126:enumerateWithEstimate E30 Validation ----/213, done at 2025-10-29 04:02:45
2025-10-29 04:02:45,380 INFO     pid:2236213 __main__:621:main Current learning rate: 0.0001
2025-10-29 04:02:45,384 INFO     pid:2236213 __main__:581:main Epoch 31/50
2025-10-29 04:02:45,384 INFO     pid:2236213 __main__:585:main GPU Memory Allocated: 0.37 GB
2025-10-29 04:02:45,384 INFO     pid:2236213 __main__:586:main GPU Memory Reserved: 4.26 GB
2025-10-29 04:02:45,385 WARNING  pid:2236213 util.util:091:enumerateWithEstimate E31 Training ----/812, starting
2025-10-29 04:03:50,057 INFO     pid:2236213 util.util:111:enumerateWithEstimate E31 Training   64/812, done at 2025-10-29 04:14:25, 0:11:20
2025-10-29 04:06:30,110 INFO     pid:2236213 util.util:111:enumerateWithEstimate E31 Training  256/812, done at 2025-10-29 04:14:14, 0:11:09
2025-10-29 04:16:51,184 WARNING  pid:2236213 util.util:126:enumerateWithEstimate E31 Training ----/812, done at 2025-10-29 04:16:51
2025-10-29 04:16:51,185 WARNING  pid:2236213 util.util:091:enumerateWithEstimate E31 Validation ----/213, starting
2025-10-29 04:17:10,123 INFO     pid:2236213 util.util:111:enumerateWithEstimate E31 Validation   64/213, done at 2025-10-29 04:17:45, 0:00:47
2025-10-29 04:17:45,318 WARNING  pid:2236213 util.util:126:enumerateWithEstimate E31 Validation ----/213, done at 2025-10-29 04:17:45
2025-10-29 04:17:45,319 INFO     pid:2236213 __main__:621:main Current learning rate: 0.0001
2025-10-29 04:17:45,323 INFO     pid:2236213 __main__:581:main Epoch 32/50
2025-10-29 04:17:45,323 INFO     pid:2236213 __main__:585:main GPU Memory Allocated: 0.37 GB
2025-10-29 04:17:45,323 INFO     pid:2236213 __main__:586:main GPU Memory Reserved: 4.26 GB
2025-10-29 04:17:45,324 WARNING  pid:2236213 util.util:091:enumerateWithEstimate E32 Training ----/812, starting
2025-10-29 04:18:49,488 INFO     pid:2236213 util.util:111:enumerateWithEstimate E32 Training   64/812, done at 2025-10-29 04:29:16, 0:11:11
2025-10-29 04:21:37,506 INFO     pid:2236213 util.util:111:enumerateWithEstimate E32 Training  256/812, done at 2025-10-29 04:29:38, 0:11:33
2025-10-29 04:32:01,693 WARNING  pid:2236213 util.util:126:enumerateWithEstimate E32 Training ----/812, done at 2025-10-29 04:32:01
2025-10-29 04:32:01,694 WARNING  pid:2236213 util.util:091:enumerateWithEstimate E32 Validation ----/213, starting
2025-10-29 04:32:20,272 INFO     pid:2236213 util.util:111:enumerateWithEstimate E32 Validation   64/213, done at 2025-10-29 04:32:55, 0:00:47
2025-10-29 04:32:55,084 WARNING  pid:2236213 util.util:126:enumerateWithEstimate E32 Validation ----/213, done at 2025-10-29 04:32:55
2025-10-29 04:32:55,085 INFO     pid:2236213 __main__:621:main Current learning rate: 0.0001
2025-10-29 04:32:55,089 INFO     pid:2236213 __main__:581:main Epoch 33/50
2025-10-29 04:32:55,089 INFO     pid:2236213 __main__:585:main GPU Memory Allocated: 0.37 GB
2025-10-29 04:32:55,089 INFO     pid:2236213 __main__:586:main GPU Memory Reserved: 4.26 GB
2025-10-29 04:32:55,089 WARNING  pid:2236213 util.util:091:enumerateWithEstimate E33 Training ----/812, starting
2025-10-29 04:33:49,621 INFO     pid:2236213 util.util:111:enumerateWithEstimate E33 Training   64/812, done at 2025-10-29 04:42:04, 0:08:50
2025-10-29 04:36:23,809 INFO     pid:2236213 util.util:111:enumerateWithEstimate E33 Training  256/812, done at 2025-10-29 04:43:32, 0:10:18
2025-10-29 04:46:10,662 WARNING  pid:2236213 util.util:126:enumerateWithEstimate E33 Training ----/812, done at 2025-10-29 04:46:10
2025-10-29 04:46:10,663 WARNING  pid:2236213 util.util:091:enumerateWithEstimate E33 Validation ----/213, starting
2025-10-29 04:46:29,686 INFO     pid:2236213 util.util:111:enumerateWithEstimate E33 Validation   64/213, done at 2025-10-29 04:47:04, 0:00:47
2025-10-29 04:47:04,429 WARNING  pid:2236213 util.util:126:enumerateWithEstimate E33 Validation ----/213, done at 2025-10-29 04:47:04
2025-10-29 04:47:04,431 INFO     pid:2236213 __main__:621:main Current learning rate: 0.0001
2025-10-29 04:47:04,434 INFO     pid:2236213 __main__:581:main Epoch 34/50
2025-10-29 04:47:04,435 INFO     pid:2236213 __main__:585:main GPU Memory Allocated: 0.37 GB
2025-10-29 04:47:04,435 INFO     pid:2236213 __main__:586:main GPU Memory Reserved: 4.26 GB
2025-10-29 04:47:04,435 WARNING  pid:2236213 util.util:091:enumerateWithEstimate E34 Training ----/812, starting
2025-10-29 04:48:00,840 INFO     pid:2236213 util.util:111:enumerateWithEstimate E34 Training   64/812, done at 2025-10-29 04:57:25, 0:10:04
2025-10-29 04:51:11,875 INFO     pid:2236213 util.util:111:enumerateWithEstimate E34 Training  256/812, done at 2025-10-29 04:59:55, 0:12:34
2025-10-29 05:01:15,776 WARNING  pid:2236213 util.util:126:enumerateWithEstimate E34 Training ----/812, done at 2025-10-29 05:01:15
2025-10-29 05:01:15,777 WARNING  pid:2236213 util.util:091:enumerateWithEstimate E34 Validation ----/213, starting
2025-10-29 05:01:34,409 INFO     pid:2236213 util.util:111:enumerateWithEstimate E34 Validation   64/213, done at 2025-10-29 05:02:09, 0:00:46
2025-10-29 05:02:09,330 WARNING  pid:2236213 util.util:126:enumerateWithEstimate E34 Validation ----/213, done at 2025-10-29 05:02:09
2025-10-29 05:02:09,331 INFO     pid:2236213 __main__:621:main Current learning rate: 0.0001
2025-10-29 05:02:09,335 INFO     pid:2236213 __main__:581:main Epoch 35/50
2025-10-29 05:02:09,335 INFO     pid:2236213 __main__:585:main GPU Memory Allocated: 0.37 GB
2025-10-29 05:02:09,336 INFO     pid:2236213 __main__:586:main GPU Memory Reserved: 4.26 GB
2025-10-29 05:02:09,336 WARNING  pid:2236213 util.util:091:enumerateWithEstimate E35 Training ----/812, starting
2025-10-29 05:03:01,588 INFO     pid:2236213 util.util:111:enumerateWithEstimate E35 Training   64/812, done at 2025-10-29 05:12:01, 0:09:38
2025-10-29 05:05:46,063 INFO     pid:2236213 util.util:111:enumerateWithEstimate E35 Training  256/812, done at 2025-10-29 05:13:25, 0:11:02
2025-10-29 05:16:04,626 WARNING  pid:2236213 util.util:126:enumerateWithEstimate E35 Training ----/812, done at 2025-10-29 05:16:04
2025-10-29 05:16:04,629 WARNING  pid:2236213 util.util:091:enumerateWithEstimate E35 Validation ----/213, starting
2025-10-29 05:16:24,024 INFO     pid:2236213 util.util:111:enumerateWithEstimate E35 Validation   64/213, done at 2025-10-29 05:17:01, 0:00:51
2025-10-29 05:16:58,948 WARNING  pid:2236213 util.util:126:enumerateWithEstimate E35 Validation ----/213, done at 2025-10-29 05:16:58
2025-10-29 05:16:58,949 INFO     pid:2236213 __main__:621:main Current learning rate: 0.0001
2025-10-29 05:16:58,953 INFO     pid:2236213 __main__:581:main Epoch 36/50
2025-10-29 05:16:58,953 INFO     pid:2236213 __main__:585:main GPU Memory Allocated: 0.37 GB
2025-10-29 05:16:58,953 INFO     pid:2236213 __main__:586:main GPU Memory Reserved: 4.26 GB
2025-10-29 05:16:58,954 WARNING  pid:2236213 util.util:091:enumerateWithEstimate E36 Training ----/812, starting
2025-10-29 05:17:58,022 INFO     pid:2236213 util.util:111:enumerateWithEstimate E36 Training   64/812, done at 2025-10-29 05:28:49, 0:11:37
2025-10-29 05:20:52,245 INFO     pid:2236213 util.util:111:enumerateWithEstimate E36 Training  256/812, done at 2025-10-29 05:29:11, 0:11:59
2025-10-29 05:30:58,894 WARNING  pid:2236213 util.util:126:enumerateWithEstimate E36 Training ----/812, done at 2025-10-29 05:30:58
2025-10-29 05:30:58,895 WARNING  pid:2236213 util.util:091:enumerateWithEstimate E36 Validation ----/213, starting
2025-10-29 05:31:18,124 INFO     pid:2236213 util.util:111:enumerateWithEstimate E36 Validation   64/213, done at 2025-10-29 05:31:53, 0:00:47
2025-10-29 05:31:53,377 WARNING  pid:2236213 util.util:126:enumerateWithEstimate E36 Validation ----/213, done at 2025-10-29 05:31:53
2025-10-29 05:31:53,379 INFO     pid:2236213 __main__:621:main Current learning rate: 1e-05
2025-10-29 05:31:53,383 INFO     pid:2236213 __main__:581:main Epoch 37/50
2025-10-29 05:31:53,383 INFO     pid:2236213 __main__:585:main GPU Memory Allocated: 0.37 GB
2025-10-29 05:31:53,383 INFO     pid:2236213 __main__:586:main GPU Memory Reserved: 4.26 GB
2025-10-29 05:31:53,384 WARNING  pid:2236213 util.util:091:enumerateWithEstimate E37 Training ----/812, starting
2025-10-29 05:32:44,714 INFO     pid:2236213 util.util:111:enumerateWithEstimate E37 Training   64/812, done at 2025-10-29 05:40:34, 0:08:23
2025-10-29 05:35:36,481 INFO     pid:2236213 util.util:111:enumerateWithEstimate E37 Training  256/812, done at 2025-10-29 05:43:21, 0:11:09
2025-10-29 06:45:56,739 WARNING  pid:2236213 util.util:126:enumerateWithEstimate E37 Training ----/812, done at 2025-10-29 06:45:56
2025-10-29 06:45:56,741 WARNING  pid:2236213 util.util:091:enumerateWithEstimate E37 Validation ----/213, starting
2025-10-29 06:46:14,871 INFO     pid:2236213 util.util:111:enumerateWithEstimate E37 Validation   64/213, done at 2025-10-29 06:46:49, 0:00:47
2025-10-29 06:46:49,876 WARNING  pid:2236213 util.util:126:enumerateWithEstimate E37 Validation ----/213, done at 2025-10-29 06:46:49
2025-10-29 06:46:49,878 INFO     pid:2236213 __main__:621:main Current learning rate: 1e-05
2025-10-29 06:46:49,881 INFO     pid:2236213 __main__:581:main Epoch 38/50
2025-10-29 06:46:49,882 INFO     pid:2236213 __main__:585:main GPU Memory Allocated: 0.37 GB
2025-10-29 06:46:49,882 INFO     pid:2236213 __main__:586:main GPU Memory Reserved: 4.26 GB
2025-10-29 06:46:49,882 WARNING  pid:2236213 util.util:091:enumerateWithEstimate E38 Training ----/812, starting
2025-10-29 06:47:48,638 INFO     pid:2236213 util.util:111:enumerateWithEstimate E38 Training   64/812, done at 2025-10-29 06:57:58, 0:10:53
2025-10-29 06:50:04,487 INFO     pid:2236213 util.util:111:enumerateWithEstimate E38 Training  256/812, done at 2025-10-29 06:56:50, 0:09:44
2025-10-29 06:58:16,176 WARNING  pid:2236213 util.util:126:enumerateWithEstimate E38 Training ----/812, done at 2025-10-29 06:58:16
2025-10-29 06:58:16,177 WARNING  pid:2236213 util.util:091:enumerateWithEstimate E38 Validation ----/213, starting
2025-10-29 06:58:35,029 INFO     pid:2236213 util.util:111:enumerateWithEstimate E38 Validation   64/213, done at 2025-10-29 06:59:09, 0:00:47
2025-10-29 06:59:10,040 WARNING  pid:2236213 util.util:126:enumerateWithEstimate E38 Validation ----/213, done at 2025-10-29 06:59:10
2025-10-29 06:59:10,044 INFO     pid:2236213 __main__:621:main Current learning rate: 1e-05
2025-10-29 06:59:10,048 INFO     pid:2236213 __main__:581:main Epoch 39/50
2025-10-29 06:59:10,048 INFO     pid:2236213 __main__:585:main GPU Memory Allocated: 0.37 GB
2025-10-29 06:59:10,048 INFO     pid:2236213 __main__:586:main GPU Memory Reserved: 4.26 GB
2025-10-29 06:59:10,048 WARNING  pid:2236213 util.util:091:enumerateWithEstimate E39 Training ----/812, starting
2025-10-29 06:59:59,160 INFO     pid:2236213 util.util:111:enumerateWithEstimate E39 Training   64/812, done at 2025-10-29 07:08:07, 0:08:42
2025-10-29 07:02:13,275 INFO     pid:2236213 util.util:111:enumerateWithEstimate E39 Training  256/812, done at 2025-10-29 07:08:35, 0:09:11
2025-10-29 07:10:08,212 WARNING  pid:2236213 util.util:126:enumerateWithEstimate E39 Training ----/812, done at 2025-10-29 07:10:08
2025-10-29 07:10:08,213 WARNING  pid:2236213 util.util:091:enumerateWithEstimate E39 Validation ----/213, starting
2025-10-29 07:10:26,739 INFO     pid:2236213 util.util:111:enumerateWithEstimate E39 Validation   64/213, done at 2025-10-29 07:11:01, 0:00:47
2025-10-29 07:11:01,715 WARNING  pid:2236213 util.util:126:enumerateWithEstimate E39 Validation ----/213, done at 2025-10-29 07:11:01
2025-10-29 07:11:01,717 INFO     pid:2236213 __main__:621:main Current learning rate: 1e-05
2025-10-29 07:11:01,720 INFO     pid:2236213 __main__:581:main Epoch 40/50
2025-10-29 07:11:01,721 INFO     pid:2236213 __main__:585:main GPU Memory Allocated: 0.37 GB
2025-10-29 07:11:01,721 INFO     pid:2236213 __main__:586:main GPU Memory Reserved: 4.26 GB
2025-10-29 07:11:01,722 WARNING  pid:2236213 util.util:091:enumerateWithEstimate E40 Training ----/812, starting
2025-10-29 07:11:56,471 INFO     pid:2236213 util.util:111:enumerateWithEstimate E40 Training   64/812, done at 2025-10-29 07:21:34, 0:10:19
2025-10-29 07:14:11,240 INFO     pid:2236213 util.util:111:enumerateWithEstimate E40 Training  256/812, done at 2025-10-29 07:20:49, 0:09:34
2025-10-29 07:22:12,459 WARNING  pid:2236213 util.util:126:enumerateWithEstimate E40 Training ----/812, done at 2025-10-29 07:22:12
2025-10-29 07:22:12,461 WARNING  pid:2236213 util.util:091:enumerateWithEstimate E40 Validation ----/213, starting
2025-10-29 07:22:30,735 INFO     pid:2236213 util.util:111:enumerateWithEstimate E40 Validation   64/213, done at 2025-10-29 07:23:05, 0:00:47
2025-10-29 07:23:05,617 WARNING  pid:2236213 util.util:126:enumerateWithEstimate E40 Validation ----/213, done at 2025-10-29 07:23:05
2025-10-29 07:23:05,619 INFO     pid:2236213 __main__:621:main Current learning rate: 1e-05
2025-10-29 07:23:05,622 INFO     pid:2236213 __main__:581:main Epoch 41/50
2025-10-29 07:23:05,623 INFO     pid:2236213 __main__:585:main GPU Memory Allocated: 0.37 GB
2025-10-29 07:23:05,623 INFO     pid:2236213 __main__:586:main GPU Memory Reserved: 4.26 GB
2025-10-29 07:23:05,623 WARNING  pid:2236213 util.util:091:enumerateWithEstimate E41 Training ----/812, starting
2025-10-29 07:23:56,153 INFO     pid:2236213 util.util:111:enumerateWithEstimate E41 Training   64/812, done at 2025-10-29 07:31:50, 0:08:27
2025-10-29 07:26:09,974 INFO     pid:2236213 util.util:111:enumerateWithEstimate E41 Training  256/812, done at 2025-10-29 07:32:29, 0:09:06
2025-10-29 07:34:08,416 WARNING  pid:2236213 util.util:126:enumerateWithEstimate E41 Training ----/812, done at 2025-10-29 07:34:08
2025-10-29 07:34:08,418 WARNING  pid:2236213 util.util:091:enumerateWithEstimate E41 Validation ----/213, starting
2025-10-29 07:34:27,136 INFO     pid:2236213 util.util:111:enumerateWithEstimate E41 Validation   64/213, done at 2025-10-29 07:35:01, 0:00:47
2025-10-29 07:35:01,925 WARNING  pid:2236213 util.util:126:enumerateWithEstimate E41 Validation ----/213, done at 2025-10-29 07:35:01
2025-10-29 07:35:01,928 INFO     pid:2236213 __main__:621:main Current learning rate: 1e-05
2025-10-29 07:35:01,932 INFO     pid:2236213 __main__:581:main Epoch 42/50
2025-10-29 07:35:01,933 INFO     pid:2236213 __main__:585:main GPU Memory Allocated: 0.37 GB
2025-10-29 07:35:01,933 INFO     pid:2236213 __main__:586:main GPU Memory Reserved: 4.26 GB
2025-10-29 07:35:01,934 WARNING  pid:2236213 util.util:091:enumerateWithEstimate E42 Training ----/812, starting
2025-10-29 07:36:00,432 INFO     pid:2236213 util.util:111:enumerateWithEstimate E42 Training   64/812, done at 2025-10-29 07:44:46, 0:09:23
2025-10-29 07:38:27,322 INFO     pid:2236213 util.util:111:enumerateWithEstimate E42 Training  256/812, done at 2025-10-29 07:45:24, 0:10:01
2025-10-29 07:46:37,352 WARNING  pid:2236213 util.util:126:enumerateWithEstimate E42 Training ----/812, done at 2025-10-29 07:46:37
2025-10-29 07:46:37,353 WARNING  pid:2236213 util.util:091:enumerateWithEstimate E42 Validation ----/213, starting
2025-10-29 07:46:55,378 INFO     pid:2236213 util.util:111:enumerateWithEstimate E42 Validation   64/213, done at 2025-10-29 07:47:30, 0:00:47
2025-10-29 07:47:30,094 WARNING  pid:2236213 util.util:126:enumerateWithEstimate E42 Validation ----/213, done at 2025-10-29 07:47:30
2025-10-29 07:47:30,095 INFO     pid:2236213 __main__:621:main Current learning rate: 1e-05
2025-10-29 07:47:30,099 INFO     pid:2236213 __main__:581:main Epoch 43/50
2025-10-29 07:47:30,099 INFO     pid:2236213 __main__:585:main GPU Memory Allocated: 0.37 GB
2025-10-29 07:47:30,099 INFO     pid:2236213 __main__:586:main GPU Memory Reserved: 4.26 GB
2025-10-29 07:47:30,100 WARNING  pid:2236213 util.util:091:enumerateWithEstimate E43 Training ----/812, starting
2025-10-29 07:48:29,621 INFO     pid:2236213 util.util:111:enumerateWithEstimate E43 Training   64/812, done at 2025-10-29 07:58:42, 0:10:55
2025-10-29 07:50:48,864 INFO     pid:2236213 util.util:111:enumerateWithEstimate E43 Training  256/812, done at 2025-10-29 07:57:42, 0:09:56
2025-10-29 07:58:56,745 WARNING  pid:2236213 util.util:126:enumerateWithEstimate E43 Training ----/812, done at 2025-10-29 07:58:56
2025-10-29 07:58:56,746 WARNING  pid:2236213 util.util:091:enumerateWithEstimate E43 Validation ----/213, starting
2025-10-29 07:59:15,409 INFO     pid:2236213 util.util:111:enumerateWithEstimate E43 Validation   64/213, done at 2025-10-29 07:59:49, 0:00:46
2025-10-29 07:59:50,181 WARNING  pid:2236213 util.util:126:enumerateWithEstimate E43 Validation ----/213, done at 2025-10-29 07:59:50
2025-10-29 07:59:50,182 INFO     pid:2236213 __main__:621:main Current learning rate: 1e-05
2025-10-29 07:59:50,185 INFO     pid:2236213 __main__:581:main Epoch 44/50
2025-10-29 07:59:50,186 INFO     pid:2236213 __main__:585:main GPU Memory Allocated: 0.37 GB
2025-10-29 07:59:50,186 INFO     pid:2236213 __main__:586:main GPU Memory Reserved: 4.26 GB
2025-10-29 07:59:50,186 WARNING  pid:2236213 util.util:091:enumerateWithEstimate E44 Training ----/812, starting
2025-10-29 08:00:41,811 INFO     pid:2236213 util.util:111:enumerateWithEstimate E44 Training   64/812, done at 2025-10-29 08:08:50, 0:08:42
2025-10-29 08:03:08,157 INFO     pid:2236213 util.util:111:enumerateWithEstimate E44 Training  256/812, done at 2025-10-29 08:09:58, 0:09:50
2025-10-29 08:11:03,742 WARNING  pid:2236213 util.util:126:enumerateWithEstimate E44 Training ----/812, done at 2025-10-29 08:11:03
2025-10-29 08:11:03,743 WARNING  pid:2236213 util.util:091:enumerateWithEstimate E44 Validation ----/213, starting
2025-10-29 08:11:21,682 INFO     pid:2236213 util.util:111:enumerateWithEstimate E44 Validation   64/213, done at 2025-10-29 08:11:56, 0:00:47
2025-10-29 08:11:56,533 WARNING  pid:2236213 util.util:126:enumerateWithEstimate E44 Validation ----/213, done at 2025-10-29 08:11:56
2025-10-29 08:11:56,535 INFO     pid:2236213 __main__:621:main Current learning rate: 1e-05
2025-10-29 08:11:56,538 INFO     pid:2236213 __main__:581:main Epoch 45/50
2025-10-29 08:11:56,538 INFO     pid:2236213 __main__:585:main GPU Memory Allocated: 0.37 GB
2025-10-29 08:11:56,539 INFO     pid:2236213 __main__:586:main GPU Memory Reserved: 4.26 GB
2025-10-29 08:11:56,539 WARNING  pid:2236213 util.util:091:enumerateWithEstimate E45 Training ----/812, starting
2025-10-29 08:12:50,763 INFO     pid:2236213 util.util:111:enumerateWithEstimate E45 Training   64/812, done at 2025-10-29 08:21:59, 0:09:47
2025-10-29 08:15:03,070 INFO     pid:2236213 util.util:111:enumerateWithEstimate E45 Training  256/812, done at 2025-10-29 08:21:30, 0:09:19
2025-10-29 08:23:12,155 WARNING  pid:2236213 util.util:126:enumerateWithEstimate E45 Training ----/812, done at 2025-10-29 08:23:12
2025-10-29 08:23:12,156 WARNING  pid:2236213 util.util:091:enumerateWithEstimate E45 Validation ----/213, starting
2025-10-29 08:23:30,811 INFO     pid:2236213 util.util:111:enumerateWithEstimate E45 Validation   64/213, done at 2025-10-29 08:24:05, 0:00:47
2025-10-29 08:24:05,616 WARNING  pid:2236213 util.util:126:enumerateWithEstimate E45 Validation ----/213, done at 2025-10-29 08:24:05
2025-10-29 08:24:05,618 INFO     pid:2236213 __main__:621:main Current learning rate: 1e-05
2025-10-29 08:24:05,621 INFO     pid:2236213 __main__:581:main Epoch 46/50
2025-10-29 08:24:05,622 INFO     pid:2236213 __main__:585:main GPU Memory Allocated: 0.37 GB
2025-10-29 08:24:05,622 INFO     pid:2236213 __main__:586:main GPU Memory Reserved: 4.26 GB
2025-10-29 08:24:05,623 WARNING  pid:2236213 util.util:091:enumerateWithEstimate E46 Training ----/812, starting
2025-10-29 08:24:57,323 INFO     pid:2236213 util.util:111:enumerateWithEstimate E46 Training   64/812, done at 2025-10-29 08:32:56, 0:08:33
2025-10-29 08:27:23,791 INFO     pid:2236213 util.util:111:enumerateWithEstimate E46 Training  256/812, done at 2025-10-29 08:34:12, 0:09:49
2025-10-29 08:35:29,645 WARNING  pid:2236213 util.util:126:enumerateWithEstimate E46 Training ----/812, done at 2025-10-29 08:35:29
2025-10-29 08:35:29,647 WARNING  pid:2236213 util.util:091:enumerateWithEstimate E46 Validation ----/213, starting
2025-10-29 08:35:48,309 INFO     pid:2236213 util.util:111:enumerateWithEstimate E46 Validation   64/213, done at 2025-10-29 08:36:23, 0:00:47
2025-10-29 08:36:23,609 WARNING  pid:2236213 util.util:126:enumerateWithEstimate E46 Validation ----/213, done at 2025-10-29 08:36:23
2025-10-29 08:36:23,611 INFO     pid:2236213 __main__:621:main Current learning rate: 1e-05
2025-10-29 08:36:23,614 INFO     pid:2236213 __main__:581:main Epoch 47/50
2025-10-29 08:36:23,615 INFO     pid:2236213 __main__:585:main GPU Memory Allocated: 0.37 GB
2025-10-29 08:36:23,615 INFO     pid:2236213 __main__:586:main GPU Memory Reserved: 4.26 GB
2025-10-29 08:36:23,615 WARNING  pid:2236213 util.util:091:enumerateWithEstimate E47 Training ----/812, starting
2025-10-29 08:37:19,289 INFO     pid:2236213 util.util:111:enumerateWithEstimate E47 Training   64/812, done at 2025-10-29 08:46:46, 0:10:06
2025-10-29 08:39:34,936 INFO     pid:2236213 util.util:111:enumerateWithEstimate E47 Training  256/812, done at 2025-10-29 08:46:13, 0:09:34
2025-10-29 08:47:14,592 WARNING  pid:2236213 util.util:126:enumerateWithEstimate E47 Training ----/812, done at 2025-10-29 08:47:14
2025-10-29 08:47:14,593 WARNING  pid:2236213 util.util:091:enumerateWithEstimate E47 Validation ----/213, starting
2025-10-29 08:47:32,598 INFO     pid:2236213 util.util:111:enumerateWithEstimate E47 Validation   64/213, done at 2025-10-29 08:48:07, 0:00:46
2025-10-29 08:48:07,403 WARNING  pid:2236213 util.util:126:enumerateWithEstimate E47 Validation ----/213, done at 2025-10-29 08:48:07
2025-10-29 08:48:07,404 INFO     pid:2236213 __main__:621:main Current learning rate: 1.0000000000000002e-06
2025-10-29 08:48:07,408 INFO     pid:2236213 __main__:581:main Epoch 48/50
2025-10-29 08:48:07,408 INFO     pid:2236213 __main__:585:main GPU Memory Allocated: 0.37 GB
2025-10-29 08:48:07,408 INFO     pid:2236213 __main__:586:main GPU Memory Reserved: 4.26 GB
2025-10-29 08:48:07,409 WARNING  pid:2236213 util.util:091:enumerateWithEstimate E48 Training ----/812, starting
2025-10-29 08:49:07,192 INFO     pid:2236213 util.util:111:enumerateWithEstimate E48 Training   64/812, done at 2025-10-29 08:59:16, 0:10:52
2025-10-29 08:51:46,747 INFO     pid:2236213 util.util:111:enumerateWithEstimate E48 Training  256/812, done at 2025-10-29 08:59:26, 0:11:02
2025-10-29 08:59:56,336 WARNING  pid:2236213 util.util:126:enumerateWithEstimate E48 Training ----/812, done at 2025-10-29 08:59:56
2025-10-29 08:59:56,338 WARNING  pid:2236213 util.util:091:enumerateWithEstimate E48 Validation ----/213, starting
2025-10-29 09:00:14,520 INFO     pid:2236213 util.util:111:enumerateWithEstimate E48 Validation   64/213, done at 2025-10-29 09:00:49, 0:00:47
2025-10-29 09:00:49,927 WARNING  pid:2236213 util.util:126:enumerateWithEstimate E48 Validation ----/213, done at 2025-10-29 09:00:49
2025-10-29 09:00:49,930 INFO     pid:2236213 __main__:621:main Current learning rate: 1.0000000000000002e-06
2025-10-29 09:00:49,934 INFO     pid:2236213 __main__:581:main Epoch 49/50
2025-10-29 09:00:49,934 INFO     pid:2236213 __main__:585:main GPU Memory Allocated: 0.37 GB
2025-10-29 09:00:49,934 INFO     pid:2236213 __main__:586:main GPU Memory Reserved: 4.26 GB
2025-10-29 09:00:49,935 WARNING  pid:2236213 util.util:091:enumerateWithEstimate E49 Training ----/812, starting
2025-10-29 09:01:52,734 INFO     pid:2236213 util.util:111:enumerateWithEstimate E49 Training   64/812, done at 2025-10-29 09:11:05, 0:09:51
2025-10-29 09:04:32,678 INFO     pid:2236213 util.util:111:enumerateWithEstimate E49 Training  256/812, done at 2025-10-29 09:12:03, 0:10:50
2025-10-29 09:13:00,769 WARNING  pid:2236213 util.util:126:enumerateWithEstimate E49 Training ----/812, done at 2025-10-29 09:13:00
2025-10-29 09:13:00,771 WARNING  pid:2236213 util.util:091:enumerateWithEstimate E49 Validation ----/213, starting
2025-10-29 09:13:19,688 INFO     pid:2236213 util.util:111:enumerateWithEstimate E49 Validation   64/213, done at 2025-10-29 09:13:54, 0:00:46
2025-10-29 09:13:54,527 WARNING  pid:2236213 util.util:126:enumerateWithEstimate E49 Validation ----/213, done at 2025-10-29 09:13:54
2025-10-29 09:13:54,528 INFO     pid:2236213 __main__:621:main Current learning rate: 1.0000000000000002e-06
2025-10-29 09:13:54,532 INFO     pid:2236213 __main__:581:main Epoch 50/50
2025-10-29 09:13:54,532 INFO     pid:2236213 __main__:585:main GPU Memory Allocated: 0.37 GB
2025-10-29 09:13:54,533 INFO     pid:2236213 __main__:586:main GPU Memory Reserved: 4.26 GB
2025-10-29 09:13:54,533 WARNING  pid:2236213 util.util:091:enumerateWithEstimate E50 Training ----/812, starting
2025-10-29 09:15:01,187 INFO     pid:2236213 util.util:111:enumerateWithEstimate E50 Training   64/812, done at 2025-10-29 09:25:44, 0:11:29
2025-10-29 09:17:21,507 INFO     pid:2236213 util.util:111:enumerateWithEstimate E50 Training  256/812, done at 2025-10-29 09:24:22, 0:10:07
2025-10-29 09:25:26,973 WARNING  pid:2236213 util.util:126:enumerateWithEstimate E50 Training ----/812, done at 2025-10-29 09:25:26
2025-10-29 09:25:26,974 WARNING  pid:2236213 util.util:091:enumerateWithEstimate E50 Validation ----/213, starting
2025-10-29 09:25:45,695 INFO     pid:2236213 util.util:111:enumerateWithEstimate E50 Validation   64/213, done at 2025-10-29 09:26:20, 0:00:47
2025-10-29 09:26:20,597 WARNING  pid:2236213 util.util:126:enumerateWithEstimate E50 Validation ----/213, done at 2025-10-29 09:26:20
2025-10-29 09:26:20,598 INFO     pid:2236213 __main__:621:main Current learning rate: 1.0000000000000002e-06
2025-10-29 09:26:20,709 INFO     pid:2236213 inference.make_predictions:075:load_model Using Regressor
2025-10-29 09:26:20,871 INFO     pid:2236213 inference.make_predictions:088:load_model Successfully loaded model from /scratch.global/lundq163/auto_qc_model_03/model_03.pt
2025-10-29 10:20:29,215 INFO     pid:2236213 __main__:644:main standardized_rmse: 0.8730127500835482
2025-10-29 10:20:29,719 INFO     pid:2236213 __main__:649:main correlation_coefficient: 0.6095986800282472
2025-10-29 10:20:29,722 INFO     pid:2236213 __main__:652:main Pearson correlation p-value: 9.991187096824863e-88
2025-10-29 10:20:29,729 INFO     pid:2236213 __main__:655:main Spearman correlation p-value: 5.36210782475325e-75
