2025-10-28 22:10:58,925 DEBUG    pid:601796 matplotlib:342:wrapper CACHEDIR=/users/1/lundq163/.cache/matplotlib
2025-10-28 22:10:58,932 DEBUG    pid:601796 matplotlib.font_manager:1635:_load_fontmanager Using fontManager instance from /users/1/lundq163/.cache/matplotlib/fontlist-v390.json
2025-10-28 22:11:01,464 INFO     pid:601796 __main__:187:_init_model Using Regressor model
2025-10-28 22:11:01,464 INFO     pid:601796 __main__:193:_init_model Moving model to device: cuda
2025-10-28 22:11:03,700 INFO     pid:601796 __main__:540:main Starting training...
2025-10-28 22:11:03,700 INFO     pid:601796 __main__:547:main GPU Device: NVIDIA A100-SXM4-40GB
2025-10-28 22:11:03,700 INFO     pid:601796 __main__:548:main Total GPU Memory: 42.41 GB
2025-10-28 22:11:03,700 INFO     pid:601796 __main__:685:split_train_validation Train/validation columns not found or empty. Creating runtime stratified split...
2025-10-28 22:11:03,702 INFO     pid:601796 __main__:759:_stratified_split Used stratified split based on QU_motion score distribution
2025-10-28 22:11:03,732 INFO     pid:601796 __main__:713:split_train_validation Created stratified split: 956 train, 240 validation subjects
2025-10-28 22:11:03,732 INFO     pid:601796 __main__:716:split_train_validation Train split ratio: 0.80
2025-10-28 22:11:03,732 INFO     pid:601796 __main__:717:split_train_validation Train subjects: ['sub-254636', 'sub-245741', 'sub-212697']...
2025-10-28 22:11:03,732 INFO     pid:601796 __main__:722:split_train_validation Validation subjects: ['sub-420306', 'sub-108125', 'sub-291082']...
2025-10-28 22:11:03,905 INFO     pid:601796 data_sets.dsets:256:__init__ <data_sets.dsets.AutoQcDataset object at 0x7f23b43b5f10>: 3245 training samples
2025-10-28 22:11:06,542 INFO     pid:601796 data_sets.dsets:256:__init__ <data_sets.dsets.AutoQcDataset object at 0x7f23a5ba6a20>: 851 validation samples
2025-10-28 22:11:07,205 INFO     pid:601796 __main__:581:main Epoch 1/30
2025-10-28 22:11:07,206 INFO     pid:601796 __main__:585:main GPU Memory Allocated: 0.08 GB
2025-10-28 22:11:07,206 INFO     pid:601796 __main__:586:main GPU Memory Reserved: 0.08 GB
2025-10-28 22:11:07,213 WARNING  pid:601796 util.util:091:enumerateWithEstimate E1 Training ----/271, starting
2025-10-28 22:13:58,357 INFO     pid:601796 util.util:111:enumerateWithEstimate E1 Training   64/271, done at 2025-10-28 22:22:02, 0:10:08
2025-10-28 22:23:39,940 INFO     pid:601796 util.util:111:enumerateWithEstimate E1 Training  256/271, done at 2025-10-28 22:24:20, 0:12:26
2025-10-28 22:24:06,558 WARNING  pid:601796 util.util:126:enumerateWithEstimate E1 Training ----/271, done at 2025-10-28 22:24:06
2025-10-28 22:24:06,560 WARNING  pid:601796 util.util:091:enumerateWithEstimate E1 Validation ----/71, starting
2025-10-28 22:24:36,834 INFO     pid:601796 util.util:111:enumerateWithEstimate E1 Validation   32/71, done at 2025-10-28 22:25:02, 0:00:39
2025-10-28 22:24:58,885 INFO     pid:601796 util.util:111:enumerateWithEstimate E1 Validation   64/71, done at 2025-10-28 22:25:02, 0:00:40
2025-10-28 22:25:02,896 WARNING  pid:601796 util.util:126:enumerateWithEstimate E1 Validation ----/71, done at 2025-10-28 22:25:02
2025-10-28 22:25:02,995 INFO     pid:601796 __main__:615:main New best validation loss: 14.716129302978516
2025-10-28 22:25:03,136 INFO     pid:601796 __main__:621:main Current learning rate: 0.001
2025-10-28 22:25:03,151 INFO     pid:601796 __main__:581:main Epoch 2/30
2025-10-28 22:25:03,152 INFO     pid:601796 __main__:585:main GPU Memory Allocated: 0.37 GB
2025-10-28 22:25:03,152 INFO     pid:601796 __main__:586:main GPU Memory Reserved: 4.79 GB
2025-10-28 22:25:03,152 WARNING  pid:601796 util.util:091:enumerateWithEstimate E2 Training ----/271, starting
2025-10-28 22:27:29,392 INFO     pid:601796 util.util:111:enumerateWithEstimate E2 Training   64/271, done at 2025-10-28 22:34:09, 0:08:23
2025-10-28 22:36:35,647 INFO     pid:601796 util.util:111:enumerateWithEstimate E2 Training  256/271, done at 2025-10-28 22:37:12, 0:11:26
2025-10-28 22:37:06,340 WARNING  pid:601796 util.util:126:enumerateWithEstimate E2 Training ----/271, done at 2025-10-28 22:37:06
2025-10-28 22:37:06,341 WARNING  pid:601796 util.util:091:enumerateWithEstimate E2 Validation ----/71, starting
2025-10-28 22:37:38,506 INFO     pid:601796 util.util:111:enumerateWithEstimate E2 Validation   32/71, done at 2025-10-28 22:38:03, 0:00:39
2025-10-28 22:37:59,640 INFO     pid:601796 util.util:111:enumerateWithEstimate E2 Validation   64/71, done at 2025-10-28 22:38:03, 0:00:39
2025-10-28 22:38:03,699 WARNING  pid:601796 util.util:126:enumerateWithEstimate E2 Validation ----/71, done at 2025-10-28 22:38:03
2025-10-28 22:38:03,735 INFO     pid:601796 __main__:615:main New best validation loss: 4.404460906982422
2025-10-28 22:38:03,906 INFO     pid:601796 __main__:621:main Current learning rate: 0.001
2025-10-28 22:38:03,920 INFO     pid:601796 __main__:581:main Epoch 3/30
2025-10-28 22:38:03,920 INFO     pid:601796 __main__:585:main GPU Memory Allocated: 0.37 GB
2025-10-28 22:38:03,921 INFO     pid:601796 __main__:586:main GPU Memory Reserved: 4.15 GB
2025-10-28 22:38:03,921 WARNING  pid:601796 util.util:091:enumerateWithEstimate E3 Training ----/271, starting
2025-10-28 22:40:43,108 INFO     pid:601796 util.util:111:enumerateWithEstimate E3 Training   64/271, done at 2025-10-28 22:48:11, 0:09:23
2025-10-28 22:51:06,339 INFO     pid:601796 util.util:111:enumerateWithEstimate E3 Training  256/271, done at 2025-10-28 22:51:48, 0:13:00
2025-10-28 22:51:39,644 WARNING  pid:601796 util.util:126:enumerateWithEstimate E3 Training ----/271, done at 2025-10-28 22:51:39
2025-10-28 22:51:39,646 WARNING  pid:601796 util.util:091:enumerateWithEstimate E3 Validation ----/71, starting
2025-10-28 22:52:10,968 INFO     pid:601796 util.util:111:enumerateWithEstimate E3 Validation   32/71, done at 2025-10-28 22:52:36, 0:00:39
2025-10-28 22:52:32,920 INFO     pid:601796 util.util:111:enumerateWithEstimate E3 Validation   64/71, done at 2025-10-28 22:52:36, 0:00:40
2025-10-28 22:52:37,686 WARNING  pid:601796 util.util:126:enumerateWithEstimate E3 Validation ----/71, done at 2025-10-28 22:52:37
2025-10-28 22:52:37,688 INFO     pid:601796 __main__:615:main New best validation loss: 4.117547035217285
2025-10-28 22:52:37,947 INFO     pid:601796 __main__:621:main Current learning rate: 0.001
2025-10-28 22:52:37,963 INFO     pid:601796 __main__:581:main Epoch 4/30
2025-10-28 22:52:37,963 INFO     pid:601796 __main__:585:main GPU Memory Allocated: 0.37 GB
2025-10-28 22:52:37,964 INFO     pid:601796 __main__:586:main GPU Memory Reserved: 4.79 GB
2025-10-28 22:52:37,965 WARNING  pid:601796 util.util:091:enumerateWithEstimate E4 Training ----/271, starting
2025-10-28 22:55:30,285 INFO     pid:601796 util.util:111:enumerateWithEstimate E4 Training   64/271, done at 2025-10-28 23:04:08, 0:10:52
2025-10-28 23:04:20,003 INFO     pid:601796 util.util:111:enumerateWithEstimate E4 Training  256/271, done at 2025-10-28 23:04:57, 0:11:41
2025-10-28 23:04:46,910 WARNING  pid:601796 util.util:126:enumerateWithEstimate E4 Training ----/271, done at 2025-10-28 23:04:46
2025-10-28 23:04:46,911 WARNING  pid:601796 util.util:091:enumerateWithEstimate E4 Validation ----/71, starting
2025-10-28 23:05:16,604 INFO     pid:601796 util.util:111:enumerateWithEstimate E4 Validation   32/71, done at 2025-10-28 23:05:41, 0:00:39
2025-10-28 23:05:37,738 INFO     pid:601796 util.util:111:enumerateWithEstimate E4 Validation   64/71, done at 2025-10-28 23:05:41, 0:00:39
2025-10-28 23:05:41,780 WARNING  pid:601796 util.util:126:enumerateWithEstimate E4 Validation ----/71, done at 2025-10-28 23:05:41
2025-10-28 23:05:41,837 INFO     pid:601796 __main__:615:main New best validation loss: 2.206960439682007
2025-10-28 23:05:42,077 INFO     pid:601796 __main__:621:main Current learning rate: 0.001
2025-10-28 23:05:42,091 INFO     pid:601796 __main__:581:main Epoch 5/30
2025-10-28 23:05:42,092 INFO     pid:601796 __main__:585:main GPU Memory Allocated: 0.37 GB
2025-10-28 23:05:42,092 INFO     pid:601796 __main__:586:main GPU Memory Reserved: 4.79 GB
2025-10-28 23:05:42,092 WARNING  pid:601796 util.util:091:enumerateWithEstimate E5 Training ----/271, starting
2025-10-28 23:08:17,672 INFO     pid:601796 util.util:111:enumerateWithEstimate E5 Training   64/271, done at 2025-10-28 23:15:51, 0:09:30
2025-10-28 23:16:58,279 INFO     pid:601796 util.util:111:enumerateWithEstimate E5 Training  256/271, done at 2025-10-28 23:17:34, 0:11:13
2025-10-28 23:17:29,618 WARNING  pid:601796 util.util:126:enumerateWithEstimate E5 Training ----/271, done at 2025-10-28 23:17:29
2025-10-28 23:17:29,620 WARNING  pid:601796 util.util:091:enumerateWithEstimate E5 Validation ----/71, starting
2025-10-28 23:17:59,797 INFO     pid:601796 util.util:111:enumerateWithEstimate E5 Validation   32/71, done at 2025-10-28 23:18:24, 0:00:39
2025-10-28 23:18:20,906 INFO     pid:601796 util.util:111:enumerateWithEstimate E5 Validation   64/71, done at 2025-10-28 23:18:24, 0:00:38
2025-10-28 23:18:24,963 WARNING  pid:601796 util.util:126:enumerateWithEstimate E5 Validation ----/71, done at 2025-10-28 23:18:24
2025-10-28 23:18:24,992 INFO     pid:601796 __main__:621:main Current learning rate: 0.001
2025-10-28 23:18:25,005 INFO     pid:601796 __main__:581:main Epoch 6/30
2025-10-28 23:18:25,006 INFO     pid:601796 __main__:585:main GPU Memory Allocated: 0.37 GB
2025-10-28 23:18:25,006 INFO     pid:601796 __main__:586:main GPU Memory Reserved: 4.79 GB
2025-10-28 23:18:25,007 WARNING  pid:601796 util.util:091:enumerateWithEstimate E6 Training ----/271, starting
2025-10-28 23:21:01,008 INFO     pid:601796 util.util:111:enumerateWithEstimate E6 Training   64/271, done at 2025-10-28 23:28:26, 0:09:19
2025-10-28 23:30:16,817 INFO     pid:601796 util.util:111:enumerateWithEstimate E6 Training  256/271, done at 2025-10-28 23:30:55, 0:11:48
2025-10-28 23:30:47,936 WARNING  pid:601796 util.util:126:enumerateWithEstimate E6 Training ----/271, done at 2025-10-28 23:30:47
2025-10-28 23:30:47,937 WARNING  pid:601796 util.util:091:enumerateWithEstimate E6 Validation ----/71, starting
2025-10-28 23:31:18,978 INFO     pid:601796 util.util:111:enumerateWithEstimate E6 Validation   32/71, done at 2025-10-28 23:31:44, 0:00:38
2025-10-28 23:31:39,998 INFO     pid:601796 util.util:111:enumerateWithEstimate E6 Validation   64/71, done at 2025-10-28 23:31:43, 0:00:38
2025-10-28 23:31:43,998 WARNING  pid:601796 util.util:126:enumerateWithEstimate E6 Validation ----/71, done at 2025-10-28 23:31:43
2025-10-28 23:31:44,069 INFO     pid:601796 __main__:615:main New best validation loss: 1.6352254152297974
2025-10-28 23:31:44,234 INFO     pid:601796 __main__:621:main Current learning rate: 0.001
2025-10-28 23:31:44,247 INFO     pid:601796 __main__:581:main Epoch 7/30
2025-10-28 23:31:44,247 INFO     pid:601796 __main__:585:main GPU Memory Allocated: 0.37 GB
2025-10-28 23:31:44,247 INFO     pid:601796 __main__:586:main GPU Memory Reserved: 4.79 GB
2025-10-28 23:31:44,248 WARNING  pid:601796 util.util:091:enumerateWithEstimate E7 Training ----/271, starting
2025-10-28 23:34:09,641 INFO     pid:601796 util.util:111:enumerateWithEstimate E7 Training   64/271, done at 2025-10-28 23:41:22, 0:09:03
2025-10-28 23:42:39,176 INFO     pid:601796 util.util:111:enumerateWithEstimate E7 Training  256/271, done at 2025-10-28 23:43:14, 0:10:56
2025-10-28 23:43:10,092 WARNING  pid:601796 util.util:126:enumerateWithEstimate E7 Training ----/271, done at 2025-10-28 23:43:10
2025-10-28 23:43:10,094 WARNING  pid:601796 util.util:091:enumerateWithEstimate E7 Validation ----/71, starting
2025-10-28 23:43:40,933 INFO     pid:601796 util.util:111:enumerateWithEstimate E7 Validation   32/71, done at 2025-10-28 23:44:05, 0:00:38
2025-10-28 23:44:01,838 INFO     pid:601796 util.util:111:enumerateWithEstimate E7 Validation   64/71, done at 2025-10-28 23:44:05, 0:00:38
2025-10-28 23:44:05,842 WARNING  pid:601796 util.util:126:enumerateWithEstimate E7 Validation ----/71, done at 2025-10-28 23:44:05
2025-10-28 23:44:05,893 INFO     pid:601796 __main__:615:main New best validation loss: 1.2984884977340698
2025-10-28 23:44:06,067 INFO     pid:601796 __main__:621:main Current learning rate: 0.001
2025-10-28 23:44:06,080 INFO     pid:601796 __main__:581:main Epoch 8/30
2025-10-28 23:44:06,080 INFO     pid:601796 __main__:585:main GPU Memory Allocated: 0.37 GB
2025-10-28 23:44:06,080 INFO     pid:601796 __main__:586:main GPU Memory Reserved: 4.79 GB
2025-10-28 23:44:06,081 WARNING  pid:601796 util.util:091:enumerateWithEstimate E8 Training ----/271, starting
2025-10-28 23:47:01,878 INFO     pid:601796 util.util:111:enumerateWithEstimate E8 Training   64/271, done at 2025-10-28 23:56:13, 0:11:32
2025-10-28 23:55:30,222 INFO     pid:601796 util.util:111:enumerateWithEstimate E8 Training  256/271, done at 2025-10-28 23:56:07, 0:11:27
2025-10-28 23:55:59,347 WARNING  pid:601796 util.util:126:enumerateWithEstimate E8 Training ----/271, done at 2025-10-28 23:55:59
2025-10-28 23:55:59,348 WARNING  pid:601796 util.util:091:enumerateWithEstimate E8 Validation ----/71, starting
2025-10-28 23:56:29,403 INFO     pid:601796 util.util:111:enumerateWithEstimate E8 Validation   32/71, done at 2025-10-28 23:56:54, 0:00:38
2025-10-28 23:56:50,458 INFO     pid:601796 util.util:111:enumerateWithEstimate E8 Validation   64/71, done at 2025-10-28 23:56:54, 0:00:38
2025-10-28 23:56:54,458 WARNING  pid:601796 util.util:126:enumerateWithEstimate E8 Validation ----/71, done at 2025-10-28 23:56:54
2025-10-28 23:56:54,539 INFO     pid:601796 __main__:621:main Current learning rate: 0.001
2025-10-28 23:56:54,553 INFO     pid:601796 __main__:581:main Epoch 9/30
2025-10-28 23:56:54,553 INFO     pid:601796 __main__:585:main GPU Memory Allocated: 0.37 GB
2025-10-28 23:56:54,553 INFO     pid:601796 __main__:586:main GPU Memory Reserved: 4.79 GB
2025-10-28 23:56:54,554 WARNING  pid:601796 util.util:091:enumerateWithEstimate E9 Training ----/271, starting
2025-10-28 23:59:25,830 INFO     pid:601796 util.util:111:enumerateWithEstimate E9 Training   64/271, done at 2025-10-29 00:06:56, 0:09:27
2025-10-29 00:10:25,075 INFO     pid:601796 util.util:111:enumerateWithEstimate E9 Training  256/271, done at 2025-10-29 00:11:09, 0:13:39
2025-10-29 00:10:54,004 WARNING  pid:601796 util.util:126:enumerateWithEstimate E9 Training ----/271, done at 2025-10-29 00:10:54
2025-10-29 00:10:54,006 WARNING  pid:601796 util.util:091:enumerateWithEstimate E9 Validation ----/71, starting
2025-10-29 00:11:25,409 INFO     pid:601796 util.util:111:enumerateWithEstimate E9 Validation   32/71, done at 2025-10-29 00:11:50, 0:00:38
2025-10-29 00:11:46,419 INFO     pid:601796 util.util:111:enumerateWithEstimate E9 Validation   64/71, done at 2025-10-29 00:11:50, 0:00:38
2025-10-29 00:11:50,444 WARNING  pid:601796 util.util:126:enumerateWithEstimate E9 Validation ----/71, done at 2025-10-29 00:11:50
2025-10-29 00:11:50,502 INFO     pid:601796 __main__:621:main Current learning rate: 0.001
2025-10-29 00:11:50,516 INFO     pid:601796 __main__:581:main Epoch 10/30
2025-10-29 00:11:50,516 INFO     pid:601796 __main__:585:main GPU Memory Allocated: 0.37 GB
2025-10-29 00:11:50,516 INFO     pid:601796 __main__:586:main GPU Memory Reserved: 4.79 GB
2025-10-29 00:11:50,517 WARNING  pid:601796 util.util:091:enumerateWithEstimate E10 Training ----/271, starting
2025-10-29 00:14:31,909 INFO     pid:601796 util.util:111:enumerateWithEstimate E10 Training   64/271, done at 2025-10-29 00:22:20, 0:09:49
2025-10-29 00:22:45,650 INFO     pid:601796 util.util:111:enumerateWithEstimate E10 Training  256/271, done at 2025-10-29 00:23:20, 0:10:49
2025-10-29 00:23:20,808 WARNING  pid:601796 util.util:126:enumerateWithEstimate E10 Training ----/271, done at 2025-10-29 00:23:20
2025-10-29 00:23:20,809 WARNING  pid:601796 util.util:091:enumerateWithEstimate E10 Validation ----/71, starting
2025-10-29 00:23:52,897 INFO     pid:601796 util.util:111:enumerateWithEstimate E10 Validation   32/71, done at 2025-10-29 00:24:18, 0:00:39
2025-10-29 00:24:13,918 INFO     pid:601796 util.util:111:enumerateWithEstimate E10 Validation   64/71, done at 2025-10-29 00:24:17, 0:00:38
2025-10-29 00:24:17,977 WARNING  pid:601796 util.util:126:enumerateWithEstimate E10 Validation ----/71, done at 2025-10-29 00:24:17
2025-10-29 00:24:18,007 INFO     pid:601796 __main__:621:main Current learning rate: 0.001
2025-10-29 00:24:18,022 INFO     pid:601796 __main__:581:main Epoch 11/30
2025-10-29 00:24:18,022 INFO     pid:601796 __main__:585:main GPU Memory Allocated: 0.37 GB
2025-10-29 00:24:18,022 INFO     pid:601796 __main__:586:main GPU Memory Reserved: 4.79 GB
2025-10-29 00:24:18,023 WARNING  pid:601796 util.util:091:enumerateWithEstimate E11 Training ----/271, starting
2025-10-29 00:26:58,247 INFO     pid:601796 util.util:111:enumerateWithEstimate E11 Training   64/271, done at 2025-10-29 00:35:05, 0:10:12
2025-10-29 00:35:37,870 INFO     pid:601796 util.util:111:enumerateWithEstimate E11 Training  256/271, done at 2025-10-29 00:36:14, 0:11:21
2025-10-29 00:36:04,681 WARNING  pid:601796 util.util:126:enumerateWithEstimate E11 Training ----/271, done at 2025-10-29 00:36:04
2025-10-29 00:36:04,682 WARNING  pid:601796 util.util:091:enumerateWithEstimate E11 Validation ----/71, starting
2025-10-29 00:36:36,001 INFO     pid:601796 util.util:111:enumerateWithEstimate E11 Validation   32/71, done at 2025-10-29 00:37:01, 0:00:39
2025-10-29 00:36:57,168 INFO     pid:601796 util.util:111:enumerateWithEstimate E11 Validation   64/71, done at 2025-10-29 00:37:01, 0:00:39
2025-10-29 00:37:01,194 WARNING  pid:601796 util.util:126:enumerateWithEstimate E11 Validation ----/71, done at 2025-10-29 00:37:01
2025-10-29 00:37:01,268 INFO     pid:601796 __main__:615:main New best validation loss: 0.8731955289840698
2025-10-29 00:37:01,522 INFO     pid:601796 __main__:621:main Current learning rate: 0.001
2025-10-29 00:37:01,536 INFO     pid:601796 __main__:581:main Epoch 12/30
2025-10-29 00:37:01,536 INFO     pid:601796 __main__:585:main GPU Memory Allocated: 0.37 GB
2025-10-29 00:37:01,536 INFO     pid:601796 __main__:586:main GPU Memory Reserved: 4.79 GB
2025-10-29 00:37:01,537 WARNING  pid:601796 util.util:091:enumerateWithEstimate E12 Training ----/271, starting
2025-10-29 00:39:44,007 INFO     pid:601796 util.util:111:enumerateWithEstimate E12 Training   64/271, done at 2025-10-29 00:46:46, 0:08:51
2025-10-29 00:48:57,365 INFO     pid:601796 util.util:111:enumerateWithEstimate E12 Training  256/271, done at 2025-10-29 00:49:35, 0:11:40
2025-10-29 00:49:20,083 WARNING  pid:601796 util.util:126:enumerateWithEstimate E12 Training ----/271, done at 2025-10-29 00:49:20
2025-10-29 00:49:20,085 WARNING  pid:601796 util.util:091:enumerateWithEstimate E12 Validation ----/71, starting
2025-10-29 00:49:51,844 INFO     pid:601796 util.util:111:enumerateWithEstimate E12 Validation   32/71, done at 2025-10-29 00:50:17, 0:00:39
2025-10-29 00:50:12,956 INFO     pid:601796 util.util:111:enumerateWithEstimate E12 Validation   64/71, done at 2025-10-29 00:50:16, 0:00:39
2025-10-29 00:50:16,999 WARNING  pid:601796 util.util:126:enumerateWithEstimate E12 Validation ----/71, done at 2025-10-29 00:50:16
2025-10-29 00:50:17,056 INFO     pid:601796 __main__:621:main Current learning rate: 0.001
2025-10-29 00:50:17,070 INFO     pid:601796 __main__:581:main Epoch 13/30
2025-10-29 00:50:17,070 INFO     pid:601796 __main__:585:main GPU Memory Allocated: 0.37 GB
2025-10-29 00:50:17,070 INFO     pid:601796 __main__:586:main GPU Memory Reserved: 4.79 GB
2025-10-29 00:50:17,071 WARNING  pid:601796 util.util:091:enumerateWithEstimate E13 Training ----/271, starting
2025-10-29 00:53:22,920 INFO     pid:601796 util.util:111:enumerateWithEstimate E13 Training   64/271, done at 2025-10-29 01:02:44, 0:11:46
2025-10-29 01:01:24,494 INFO     pid:601796 util.util:111:enumerateWithEstimate E13 Training  256/271, done at 2025-10-29 01:02:00, 0:11:01
2025-10-29 01:02:03,232 WARNING  pid:601796 util.util:126:enumerateWithEstimate E13 Training ----/271, done at 2025-10-29 01:02:03
2025-10-29 01:02:03,234 WARNING  pid:601796 util.util:091:enumerateWithEstimate E13 Validation ----/71, starting
2025-10-29 01:02:33,948 INFO     pid:601796 util.util:111:enumerateWithEstimate E13 Validation   32/71, done at 2025-10-29 01:02:59, 0:00:38
2025-10-29 01:02:54,966 INFO     pid:601796 util.util:111:enumerateWithEstimate E13 Validation   64/71, done at 2025-10-29 01:02:58, 0:00:38
2025-10-29 01:02:58,966 WARNING  pid:601796 util.util:126:enumerateWithEstimate E13 Validation ----/71, done at 2025-10-29 01:02:58
2025-10-29 01:02:59,051 INFO     pid:601796 __main__:621:main Current learning rate: 0.001
2025-10-29 01:02:59,064 INFO     pid:601796 __main__:581:main Epoch 14/30
2025-10-29 01:02:59,065 INFO     pid:601796 __main__:585:main GPU Memory Allocated: 0.37 GB
2025-10-29 01:02:59,065 INFO     pid:601796 __main__:586:main GPU Memory Reserved: 4.79 GB
2025-10-29 01:02:59,065 WARNING  pid:601796 util.util:091:enumerateWithEstimate E14 Training ----/271, starting
2025-10-29 01:05:40,235 INFO     pid:601796 util.util:111:enumerateWithEstimate E14 Training   64/271, done at 2025-10-29 01:13:08, 0:09:23
2025-10-29 01:14:13,341 INFO     pid:601796 util.util:111:enumerateWithEstimate E14 Training  256/271, done at 2025-10-29 01:14:49, 0:11:04
2025-10-29 01:14:38,775 WARNING  pid:601796 util.util:126:enumerateWithEstimate E14 Training ----/271, done at 2025-10-29 01:14:38
2025-10-29 01:14:38,776 WARNING  pid:601796 util.util:091:enumerateWithEstimate E14 Validation ----/71, starting
2025-10-29 01:15:07,778 INFO     pid:601796 util.util:111:enumerateWithEstimate E14 Validation   32/71, done at 2025-10-29 01:15:32, 0:00:38
2025-10-29 01:15:28,852 INFO     pid:601796 util.util:111:enumerateWithEstimate E14 Validation   64/71, done at 2025-10-29 01:15:32, 0:00:38
2025-10-29 01:15:32,886 WARNING  pid:601796 util.util:126:enumerateWithEstimate E14 Validation ----/71, done at 2025-10-29 01:15:32
2025-10-29 01:15:32,947 INFO     pid:601796 __main__:621:main Current learning rate: 0.001
2025-10-29 01:15:32,961 INFO     pid:601796 __main__:581:main Epoch 15/30
2025-10-29 01:15:32,961 INFO     pid:601796 __main__:585:main GPU Memory Allocated: 0.37 GB
2025-10-29 01:15:32,962 INFO     pid:601796 __main__:586:main GPU Memory Reserved: 4.79 GB
2025-10-29 01:15:32,962 WARNING  pid:601796 util.util:091:enumerateWithEstimate E15 Training ----/271, starting
2025-10-29 01:18:22,055 INFO     pid:601796 util.util:111:enumerateWithEstimate E15 Training   64/271, done at 2025-10-29 01:26:23, 0:10:04
2025-10-29 01:26:48,003 INFO     pid:601796 util.util:111:enumerateWithEstimate E15 Training  256/271, done at 2025-10-29 01:27:23, 0:11:05
2025-10-29 01:27:28,164 WARNING  pid:601796 util.util:126:enumerateWithEstimate E15 Training ----/271, done at 2025-10-29 01:27:28
2025-10-29 01:27:28,165 WARNING  pid:601796 util.util:091:enumerateWithEstimate E15 Validation ----/71, starting
2025-10-29 01:28:00,416 INFO     pid:601796 util.util:111:enumerateWithEstimate E15 Validation   32/71, done at 2025-10-29 01:28:25, 0:00:38
2025-10-29 01:28:21,461 INFO     pid:601796 util.util:111:enumerateWithEstimate E15 Validation   64/71, done at 2025-10-29 01:28:25, 0:00:38
2025-10-29 01:28:25,510 WARNING  pid:601796 util.util:126:enumerateWithEstimate E15 Validation ----/71, done at 2025-10-29 01:28:25
2025-10-29 01:28:25,548 INFO     pid:601796 __main__:621:main Current learning rate: 0.001
2025-10-29 01:28:25,561 INFO     pid:601796 __main__:581:main Epoch 16/30
2025-10-29 01:28:25,562 INFO     pid:601796 __main__:585:main GPU Memory Allocated: 0.37 GB
2025-10-29 01:28:25,562 INFO     pid:601796 __main__:586:main GPU Memory Reserved: 4.79 GB
2025-10-29 01:28:25,563 WARNING  pid:601796 util.util:091:enumerateWithEstimate E16 Training ----/271, starting
2025-10-29 01:31:11,785 INFO     pid:601796 util.util:111:enumerateWithEstimate E16 Training   64/271, done at 2025-10-29 01:38:56, 0:09:43
2025-10-29 01:39:11,287 INFO     pid:601796 util.util:111:enumerateWithEstimate E16 Training  256/271, done at 2025-10-29 01:39:45, 0:10:33
2025-10-29 01:39:32,555 WARNING  pid:601796 util.util:126:enumerateWithEstimate E16 Training ----/271, done at 2025-10-29 01:39:32
2025-10-29 01:39:32,556 WARNING  pid:601796 util.util:091:enumerateWithEstimate E16 Validation ----/71, starting
2025-10-29 01:40:04,053 INFO     pid:601796 util.util:111:enumerateWithEstimate E16 Validation   32/71, done at 2025-10-29 01:40:29, 0:00:39
2025-10-29 01:40:25,157 INFO     pid:601796 util.util:111:enumerateWithEstimate E16 Validation   64/71, done at 2025-10-29 01:40:29, 0:00:39
2025-10-29 01:40:29,152 WARNING  pid:601796 util.util:126:enumerateWithEstimate E16 Validation ----/71, done at 2025-10-29 01:40:29
2025-10-29 01:40:29,236 INFO     pid:601796 __main__:621:main Current learning rate: 0.001
2025-10-29 01:40:29,251 INFO     pid:601796 __main__:581:main Epoch 17/30
2025-10-29 01:40:29,251 INFO     pid:601796 __main__:585:main GPU Memory Allocated: 0.37 GB
2025-10-29 01:40:29,251 INFO     pid:601796 __main__:586:main GPU Memory Reserved: 4.79 GB
2025-10-29 01:40:29,252 WARNING  pid:601796 util.util:091:enumerateWithEstimate E17 Training ----/271, starting
2025-10-29 01:43:08,610 INFO     pid:601796 util.util:111:enumerateWithEstimate E17 Training   64/271, done at 2025-10-29 01:50:51, 0:09:41
2025-10-29 01:50:58,123 INFO     pid:601796 util.util:111:enumerateWithEstimate E17 Training  256/271, done at 2025-10-29 01:51:31, 0:10:22
2025-10-29 01:51:27,837 WARNING  pid:601796 util.util:126:enumerateWithEstimate E17 Training ----/271, done at 2025-10-29 01:51:27
2025-10-29 01:51:27,838 WARNING  pid:601796 util.util:091:enumerateWithEstimate E17 Validation ----/71, starting
2025-10-29 01:52:00,616 INFO     pid:601796 util.util:111:enumerateWithEstimate E17 Validation   32/71, done at 2025-10-29 01:52:25, 0:00:39
2025-10-29 01:52:21,659 INFO     pid:601796 util.util:111:enumerateWithEstimate E17 Validation   64/71, done at 2025-10-29 01:52:25, 0:00:38
2025-10-29 01:52:25,647 WARNING  pid:601796 util.util:126:enumerateWithEstimate E17 Validation ----/71, done at 2025-10-29 01:52:25
2025-10-29 01:52:25,741 INFO     pid:601796 __main__:615:main New best validation loss: 0.735287606716156
2025-10-29 01:52:25,929 INFO     pid:601796 __main__:621:main Current learning rate: 0.001
2025-10-29 01:52:25,943 INFO     pid:601796 __main__:581:main Epoch 18/30
2025-10-29 01:52:25,943 INFO     pid:601796 __main__:585:main GPU Memory Allocated: 0.37 GB
2025-10-29 01:52:25,943 INFO     pid:601796 __main__:586:main GPU Memory Reserved: 4.79 GB
2025-10-29 01:52:25,944 WARNING  pid:601796 util.util:091:enumerateWithEstimate E18 Training ----/271, starting
2025-10-29 01:54:58,137 INFO     pid:601796 util.util:111:enumerateWithEstimate E18 Training   64/271, done at 2025-10-29 02:02:28, 0:09:25
2025-10-29 02:03:37,420 INFO     pid:601796 util.util:111:enumerateWithEstimate E18 Training  256/271, done at 2025-10-29 02:04:13, 0:11:11
2025-10-29 02:04:07,223 WARNING  pid:601796 util.util:126:enumerateWithEstimate E18 Training ----/271, done at 2025-10-29 02:04:07
2025-10-29 02:04:07,224 WARNING  pid:601796 util.util:091:enumerateWithEstimate E18 Validation ----/71, starting
2025-10-29 02:04:39,232 INFO     pid:601796 util.util:111:enumerateWithEstimate E18 Validation   32/71, done at 2025-10-29 02:05:04, 0:00:38
2025-10-29 02:05:00,224 INFO     pid:601796 util.util:111:enumerateWithEstimate E18 Validation   64/71, done at 2025-10-29 02:05:04, 0:00:38
2025-10-29 02:05:04,248 WARNING  pid:601796 util.util:126:enumerateWithEstimate E18 Validation ----/71, done at 2025-10-29 02:05:04
2025-10-29 02:05:04,294 INFO     pid:601796 __main__:621:main Current learning rate: 0.001
2025-10-29 02:05:04,307 INFO     pid:601796 __main__:581:main Epoch 19/30
2025-10-29 02:05:04,308 INFO     pid:601796 __main__:585:main GPU Memory Allocated: 0.37 GB
2025-10-29 02:05:04,308 INFO     pid:601796 __main__:586:main GPU Memory Reserved: 4.79 GB
2025-10-29 02:05:04,309 WARNING  pid:601796 util.util:091:enumerateWithEstimate E19 Training ----/271, starting
2025-10-29 02:07:56,703 INFO     pid:601796 util.util:111:enumerateWithEstimate E19 Training   64/271, done at 2025-10-29 02:16:38, 0:10:55
2025-10-29 02:15:56,581 INFO     pid:601796 util.util:111:enumerateWithEstimate E19 Training  256/271, done at 2025-10-29 02:16:31, 0:10:49
2025-10-29 02:16:28,794 WARNING  pid:601796 util.util:126:enumerateWithEstimate E19 Training ----/271, done at 2025-10-29 02:16:28
2025-10-29 02:16:28,795 WARNING  pid:601796 util.util:091:enumerateWithEstimate E19 Validation ----/71, starting
2025-10-29 02:16:58,482 INFO     pid:601796 util.util:111:enumerateWithEstimate E19 Validation   32/71, done at 2025-10-29 02:17:23, 0:00:38
2025-10-29 02:17:19,412 INFO     pid:601796 util.util:111:enumerateWithEstimate E19 Validation   64/71, done at 2025-10-29 02:17:23, 0:00:38
2025-10-29 02:17:23,468 WARNING  pid:601796 util.util:126:enumerateWithEstimate E19 Validation ----/71, done at 2025-10-29 02:17:23
2025-10-29 02:17:23,474 INFO     pid:601796 __main__:621:main Current learning rate: 0.001
2025-10-29 02:17:23,488 INFO     pid:601796 __main__:581:main Epoch 20/30
2025-10-29 02:17:23,488 INFO     pid:601796 __main__:585:main GPU Memory Allocated: 0.37 GB
2025-10-29 02:17:23,488 INFO     pid:601796 __main__:586:main GPU Memory Reserved: 4.79 GB
2025-10-29 02:17:23,489 WARNING  pid:601796 util.util:091:enumerateWithEstimate E20 Training ----/271, starting
2025-10-29 02:20:02,587 INFO     pid:601796 util.util:111:enumerateWithEstimate E20 Training   64/271, done at 2025-10-29 02:27:35, 0:09:29
2025-10-29 02:29:17,710 INFO     pid:601796 util.util:111:enumerateWithEstimate E20 Training  256/271, done at 2025-10-29 02:29:56, 0:11:50
2025-10-29 02:29:45,866 WARNING  pid:601796 util.util:126:enumerateWithEstimate E20 Training ----/271, done at 2025-10-29 02:29:45
2025-10-29 02:29:45,867 WARNING  pid:601796 util.util:091:enumerateWithEstimate E20 Validation ----/71, starting
2025-10-29 02:30:15,617 INFO     pid:601796 util.util:111:enumerateWithEstimate E20 Validation   32/71, done at 2025-10-29 02:30:42, 0:00:41
2025-10-29 02:30:36,567 INFO     pid:601796 util.util:111:enumerateWithEstimate E20 Validation   64/71, done at 2025-10-29 02:30:40, 0:00:39
2025-10-29 02:30:40,548 WARNING  pid:601796 util.util:126:enumerateWithEstimate E20 Validation ----/71, done at 2025-10-29 02:30:40
2025-10-29 02:30:40,636 INFO     pid:601796 __main__:621:main Current learning rate: 0.001
2025-10-29 02:30:40,650 INFO     pid:601796 __main__:581:main Epoch 21/30
2025-10-29 02:30:40,650 INFO     pid:601796 __main__:585:main GPU Memory Allocated: 0.37 GB
2025-10-29 02:30:40,650 INFO     pid:601796 __main__:586:main GPU Memory Reserved: 4.79 GB
2025-10-29 02:30:40,651 WARNING  pid:601796 util.util:091:enumerateWithEstimate E21 Training ----/271, starting
2025-10-29 02:33:12,596 INFO     pid:601796 util.util:111:enumerateWithEstimate E21 Training   64/271, done at 2025-10-29 02:40:38, 0:09:20
2025-10-29 02:41:43,926 INFO     pid:601796 util.util:111:enumerateWithEstimate E21 Training  256/271, done at 2025-10-29 02:42:19, 0:11:01
2025-10-29 02:42:15,455 WARNING  pid:601796 util.util:126:enumerateWithEstimate E21 Training ----/271, done at 2025-10-29 02:42:15
2025-10-29 02:42:15,456 WARNING  pid:601796 util.util:091:enumerateWithEstimate E21 Validation ----/71, starting
2025-10-29 02:42:45,643 INFO     pid:601796 util.util:111:enumerateWithEstimate E21 Validation   32/71, done at 2025-10-29 02:43:11, 0:00:40
2025-10-29 02:43:06,590 INFO     pid:601796 util.util:111:enumerateWithEstimate E21 Validation   64/71, done at 2025-10-29 02:43:10, 0:00:39
2025-10-29 02:43:10,601 WARNING  pid:601796 util.util:126:enumerateWithEstimate E21 Validation ----/71, done at 2025-10-29 02:43:10
2025-10-29 02:43:10,655 INFO     pid:601796 __main__:621:main Current learning rate: 0.001
2025-10-29 02:43:10,669 INFO     pid:601796 __main__:581:main Epoch 22/30
2025-10-29 02:43:10,669 INFO     pid:601796 __main__:585:main GPU Memory Allocated: 0.37 GB
2025-10-29 02:43:10,670 INFO     pid:601796 __main__:586:main GPU Memory Reserved: 4.79 GB
2025-10-29 02:43:10,670 WARNING  pid:601796 util.util:091:enumerateWithEstimate E22 Training ----/271, starting
2025-10-29 02:46:01,093 INFO     pid:601796 util.util:111:enumerateWithEstimate E22 Training   64/271, done at 2025-10-29 02:54:15, 0:10:22
2025-10-29 02:54:41,571 INFO     pid:601796 util.util:111:enumerateWithEstimate E22 Training  256/271, done at 2025-10-29 02:55:18, 0:11:24
2025-10-29 02:55:06,050 WARNING  pid:601796 util.util:126:enumerateWithEstimate E22 Training ----/271, done at 2025-10-29 02:55:06
2025-10-29 02:55:06,052 WARNING  pid:601796 util.util:091:enumerateWithEstimate E22 Validation ----/71, starting
2025-10-29 02:55:37,409 INFO     pid:601796 util.util:111:enumerateWithEstimate E22 Validation   32/71, done at 2025-10-29 02:56:02, 0:00:38
2025-10-29 02:55:58,338 INFO     pid:601796 util.util:111:enumerateWithEstimate E22 Validation   64/71, done at 2025-10-29 02:56:02, 0:00:38
2025-10-29 02:56:02,347 WARNING  pid:601796 util.util:126:enumerateWithEstimate E22 Validation ----/71, done at 2025-10-29 02:56:02
2025-10-29 02:56:02,399 INFO     pid:601796 __main__:621:main Current learning rate: 0.001
2025-10-29 02:56:02,413 INFO     pid:601796 __main__:581:main Epoch 23/30
2025-10-29 02:56:02,414 INFO     pid:601796 __main__:585:main GPU Memory Allocated: 0.37 GB
2025-10-29 02:56:02,414 INFO     pid:601796 __main__:586:main GPU Memory Reserved: 4.79 GB
2025-10-29 02:56:02,414 WARNING  pid:601796 util.util:091:enumerateWithEstimate E23 Training ----/271, starting
2025-10-29 02:58:59,736 INFO     pid:601796 util.util:111:enumerateWithEstimate E23 Training   64/271, done at 2025-10-29 03:07:50, 0:11:06
2025-10-29 03:07:17,010 INFO     pid:601796 util.util:111:enumerateWithEstimate E23 Training  256/271, done at 2025-10-29 03:07:53, 0:11:09
2025-10-29 03:07:46,318 WARNING  pid:601796 util.util:126:enumerateWithEstimate E23 Training ----/271, done at 2025-10-29 03:07:46
2025-10-29 03:07:46,319 WARNING  pid:601796 util.util:091:enumerateWithEstimate E23 Validation ----/71, starting
2025-10-29 03:08:17,210 INFO     pid:601796 util.util:111:enumerateWithEstimate E23 Validation   32/71, done at 2025-10-29 03:08:43, 0:00:41
2025-10-29 03:08:38,230 INFO     pid:601796 util.util:111:enumerateWithEstimate E23 Validation   64/71, done at 2025-10-29 03:08:42, 0:00:39
2025-10-29 03:08:42,255 WARNING  pid:601796 util.util:126:enumerateWithEstimate E23 Validation ----/71, done at 2025-10-29 03:08:42
2025-10-29 03:08:42,313 INFO     pid:601796 __main__:621:main Current learning rate: 0.001
2025-10-29 03:08:42,326 INFO     pid:601796 __main__:581:main Epoch 24/30
2025-10-29 03:08:42,327 INFO     pid:601796 __main__:585:main GPU Memory Allocated: 0.37 GB
2025-10-29 03:08:42,327 INFO     pid:601796 __main__:586:main GPU Memory Reserved: 4.79 GB
2025-10-29 03:08:42,328 WARNING  pid:601796 util.util:091:enumerateWithEstimate E24 Training ----/271, starting
2025-10-29 03:11:18,452 INFO     pid:601796 util.util:111:enumerateWithEstimate E24 Training   64/271, done at 2025-10-29 03:18:42, 0:09:17
2025-10-29 03:26:01,455 INFO     pid:601796 util.util:111:enumerateWithEstimate E24 Training  256/271, done at 2025-10-29 03:26:58, 0:17:34
2025-10-29 03:26:29,358 WARNING  pid:601796 util.util:126:enumerateWithEstimate E24 Training ----/271, done at 2025-10-29 03:26:29
2025-10-29 03:26:29,359 WARNING  pid:601796 util.util:091:enumerateWithEstimate E24 Validation ----/71, starting
2025-10-29 03:26:59,301 INFO     pid:601796 util.util:111:enumerateWithEstimate E24 Validation   32/71, done at 2025-10-29 03:27:27, 0:00:43
2025-10-29 03:27:20,372 INFO     pid:601796 util.util:111:enumerateWithEstimate E24 Validation   64/71, done at 2025-10-29 03:27:24, 0:00:40
2025-10-29 03:27:24,362 WARNING  pid:601796 util.util:126:enumerateWithEstimate E24 Validation ----/71, done at 2025-10-29 03:27:24
2025-10-29 03:27:24,452 INFO     pid:601796 __main__:615:main New best validation loss: 0.6976467370986938
2025-10-29 03:27:24,611 INFO     pid:601796 __main__:621:main Current learning rate: 0.001
2025-10-29 03:27:24,625 INFO     pid:601796 __main__:581:main Epoch 25/30
2025-10-29 03:27:24,626 INFO     pid:601796 __main__:585:main GPU Memory Allocated: 0.37 GB
2025-10-29 03:27:24,626 INFO     pid:601796 __main__:586:main GPU Memory Reserved: 4.79 GB
2025-10-29 03:27:24,626 WARNING  pid:601796 util.util:091:enumerateWithEstimate E25 Training ----/271, starting
2025-10-29 03:30:26,864 INFO     pid:601796 util.util:111:enumerateWithEstimate E25 Training   64/271, done at 2025-10-29 03:39:23, 0:11:14
2025-10-29 03:40:29,213 INFO     pid:601796 util.util:111:enumerateWithEstimate E25 Training  256/271, done at 2025-10-29 03:41:11, 0:13:02
2025-10-29 03:40:51,522 WARNING  pid:601796 util.util:126:enumerateWithEstimate E25 Training ----/271, done at 2025-10-29 03:40:51
2025-10-29 03:40:51,524 WARNING  pid:601796 util.util:091:enumerateWithEstimate E25 Validation ----/71, starting
2025-10-29 03:41:22,323 INFO     pid:601796 util.util:111:enumerateWithEstimate E25 Validation   32/71, done at 2025-10-29 03:41:47, 0:00:38
2025-10-29 03:41:43,310 INFO     pid:601796 util.util:111:enumerateWithEstimate E25 Validation   64/71, done at 2025-10-29 03:41:47, 0:00:38
2025-10-29 03:41:47,323 WARNING  pid:601796 util.util:126:enumerateWithEstimate E25 Validation ----/71, done at 2025-10-29 03:41:47
2025-10-29 03:41:47,374 INFO     pid:601796 __main__:615:main New best validation loss: 0.5563026070594788
2025-10-29 03:41:47,559 INFO     pid:601796 __main__:621:main Current learning rate: 0.001
2025-10-29 03:41:47,573 INFO     pid:601796 __main__:581:main Epoch 26/30
2025-10-29 03:41:47,573 INFO     pid:601796 __main__:585:main GPU Memory Allocated: 0.37 GB
2025-10-29 03:41:47,574 INFO     pid:601796 __main__:586:main GPU Memory Reserved: 4.79 GB
2025-10-29 03:41:47,574 WARNING  pid:601796 util.util:091:enumerateWithEstimate E26 Training ----/271, starting
2025-10-29 03:45:07,298 INFO     pid:601796 util.util:111:enumerateWithEstimate E26 Training   64/271, done at 2025-10-29 03:54:56, 0:12:20
2025-10-29 03:53:28,907 INFO     pid:601796 util.util:111:enumerateWithEstimate E26 Training  256/271, done at 2025-10-29 03:54:06, 0:11:30
2025-10-29 03:54:06,238 WARNING  pid:601796 util.util:126:enumerateWithEstimate E26 Training ----/271, done at 2025-10-29 03:54:06
2025-10-29 03:54:06,239 WARNING  pid:601796 util.util:091:enumerateWithEstimate E26 Validation ----/71, starting
2025-10-29 03:54:36,930 INFO     pid:601796 util.util:111:enumerateWithEstimate E26 Validation   32/71, done at 2025-10-29 03:55:02, 0:00:39
2025-10-29 03:54:57,981 INFO     pid:601796 util.util:111:enumerateWithEstimate E26 Validation   64/71, done at 2025-10-29 03:55:01, 0:00:38
2025-10-29 03:55:02,063 WARNING  pid:601796 util.util:126:enumerateWithEstimate E26 Validation ----/71, done at 2025-10-29 03:55:02
2025-10-29 03:55:02,070 INFO     pid:601796 __main__:621:main Current learning rate: 0.001
2025-10-29 03:55:02,085 INFO     pid:601796 __main__:581:main Epoch 27/30
2025-10-29 03:55:02,085 INFO     pid:601796 __main__:585:main GPU Memory Allocated: 0.37 GB
2025-10-29 03:55:02,085 INFO     pid:601796 __main__:586:main GPU Memory Reserved: 4.79 GB
2025-10-29 03:55:02,085 WARNING  pid:601796 util.util:091:enumerateWithEstimate E27 Training ----/271, starting
2025-10-29 03:57:41,331 INFO     pid:601796 util.util:111:enumerateWithEstimate E27 Training   64/271, done at 2025-10-29 04:05:41, 0:10:04
2025-10-29 04:26:07,166 INFO     pid:601796 util.util:111:enumerateWithEstimate E27 Training  256/271, done at 2025-10-29 04:27:51, 0:32:13
2025-10-29 04:26:35,331 WARNING  pid:601796 util.util:126:enumerateWithEstimate E27 Training ----/271, done at 2025-10-29 04:26:35
2025-10-29 04:26:35,333 WARNING  pid:601796 util.util:091:enumerateWithEstimate E27 Validation ----/71, starting
2025-10-29 04:27:05,715 INFO     pid:601796 util.util:111:enumerateWithEstimate E27 Validation   32/71, done at 2025-10-29 04:27:30, 0:00:39
2025-10-29 04:27:26,779 INFO     pid:601796 util.util:111:enumerateWithEstimate E27 Validation   64/71, done at 2025-10-29 04:27:30, 0:00:38
2025-10-29 04:27:30,798 WARNING  pid:601796 util.util:126:enumerateWithEstimate E27 Validation ----/71, done at 2025-10-29 04:27:30
2025-10-29 04:27:30,848 INFO     pid:601796 __main__:621:main Current learning rate: 0.001
2025-10-29 04:27:30,861 INFO     pid:601796 __main__:581:main Epoch 28/30
2025-10-29 04:27:30,862 INFO     pid:601796 __main__:585:main GPU Memory Allocated: 0.37 GB
2025-10-29 04:27:30,862 INFO     pid:601796 __main__:586:main GPU Memory Reserved: 4.79 GB
2025-10-29 04:27:30,862 WARNING  pid:601796 util.util:091:enumerateWithEstimate E28 Training ----/271, starting
2025-10-29 04:30:21,669 INFO     pid:601796 util.util:111:enumerateWithEstimate E28 Training   64/271, done at 2025-10-29 04:38:19, 0:10:00
2025-10-29 04:38:44,048 INFO     pid:601796 util.util:111:enumerateWithEstimate E28 Training  256/271, done at 2025-10-29 04:39:19, 0:11:00
2025-10-29 04:39:12,737 WARNING  pid:601796 util.util:126:enumerateWithEstimate E28 Training ----/271, done at 2025-10-29 04:39:12
2025-10-29 04:39:12,738 WARNING  pid:601796 util.util:091:enumerateWithEstimate E28 Validation ----/71, starting
2025-10-29 04:39:42,910 INFO     pid:601796 util.util:111:enumerateWithEstimate E28 Validation   32/71, done at 2025-10-29 04:40:08, 0:00:40
2025-10-29 04:40:03,857 INFO     pid:601796 util.util:111:enumerateWithEstimate E28 Validation   64/71, done at 2025-10-29 04:40:07, 0:00:39
2025-10-29 04:40:07,861 WARNING  pid:601796 util.util:126:enumerateWithEstimate E28 Validation ----/71, done at 2025-10-29 04:40:07
2025-10-29 04:40:07,918 INFO     pid:601796 __main__:621:main Current learning rate: 0.001
2025-10-29 04:40:07,932 INFO     pid:601796 __main__:581:main Epoch 29/30
2025-10-29 04:40:07,932 INFO     pid:601796 __main__:585:main GPU Memory Allocated: 0.37 GB
2025-10-29 04:40:07,932 INFO     pid:601796 __main__:586:main GPU Memory Reserved: 4.79 GB
2025-10-29 04:40:07,933 WARNING  pid:601796 util.util:091:enumerateWithEstimate E29 Training ----/271, starting
2025-10-29 04:43:00,239 INFO     pid:601796 util.util:111:enumerateWithEstimate E29 Training   64/271, done at 2025-10-29 04:51:28, 0:10:38
2025-10-29 04:51:17,539 INFO     pid:601796 util.util:111:enumerateWithEstimate E29 Training  256/271, done at 2025-10-29 04:51:53, 0:11:03
2025-10-29 04:51:53,981 WARNING  pid:601796 util.util:126:enumerateWithEstimate E29 Training ----/271, done at 2025-10-29 04:51:53
2025-10-29 04:51:53,982 WARNING  pid:601796 util.util:091:enumerateWithEstimate E29 Validation ----/71, starting
2025-10-29 04:52:22,421 INFO     pid:601796 util.util:111:enumerateWithEstimate E29 Validation   32/71, done at 2025-10-29 04:52:48, 0:00:39
2025-10-29 04:52:43,335 INFO     pid:601796 util.util:111:enumerateWithEstimate E29 Validation   64/71, done at 2025-10-29 04:52:47, 0:00:39
2025-10-29 04:52:47,321 WARNING  pid:601796 util.util:126:enumerateWithEstimate E29 Validation ----/71, done at 2025-10-29 04:52:47
2025-10-29 04:52:47,393 INFO     pid:601796 __main__:621:main Current learning rate: 0.001
2025-10-29 04:52:47,407 INFO     pid:601796 __main__:581:main Epoch 30/30
2025-10-29 04:52:47,407 INFO     pid:601796 __main__:585:main GPU Memory Allocated: 0.37 GB
2025-10-29 04:52:47,407 INFO     pid:601796 __main__:586:main GPU Memory Reserved: 4.79 GB
2025-10-29 04:52:47,408 WARNING  pid:601796 util.util:091:enumerateWithEstimate E30 Training ----/271, starting
2025-10-29 04:55:20,773 INFO     pid:601796 util.util:111:enumerateWithEstimate E30 Training   64/271, done at 2025-10-29 05:02:58, 0:09:35
2025-10-29 05:03:41,900 INFO     pid:601796 util.util:111:enumerateWithEstimate E30 Training  256/271, done at 2025-10-29 05:04:17, 0:10:54
2025-10-29 05:04:11,618 WARNING  pid:601796 util.util:126:enumerateWithEstimate E30 Training ----/271, done at 2025-10-29 05:04:11
2025-10-29 05:04:11,619 WARNING  pid:601796 util.util:091:enumerateWithEstimate E30 Validation ----/71, starting
2025-10-29 05:04:42,269 INFO     pid:601796 util.util:111:enumerateWithEstimate E30 Validation   32/71, done at 2025-10-29 05:05:07, 0:00:38
2025-10-29 05:05:03,181 INFO     pid:601796 util.util:111:enumerateWithEstimate E30 Validation   64/71, done at 2025-10-29 05:05:07, 0:00:38
2025-10-29 05:05:07,162 WARNING  pid:601796 util.util:126:enumerateWithEstimate E30 Validation ----/71, done at 2025-10-29 05:05:07
2025-10-29 05:05:07,239 INFO     pid:601796 __main__:621:main Current learning rate: 0.001
2025-10-29 05:05:07,345 INFO     pid:601796 inference.make_predictions:075:load_model Using Regressor
2025-10-29 05:05:07,457 INFO     pid:601796 inference.make_predictions:088:load_model Successfully loaded model from /scratch.global/lundq163/auto_qc_model_05/model_05.pt
slurmstepd: error: *** JOB 42765930 ON agb04 CANCELLED AT 2025-10-29T22:10:24 DUE TO TIME LIMIT ***
